<?xml version="1.0" encoding="UTF-8"?>
<testsuite name="br.com.rbarbioni.bluebank.controller.AccountControllerTest" tests="3" skipped="0" failures="0" errors="0" timestamp="2017-04-05T23:55:24" hostname="DESKTOP-EV06N04" time="10.659">
  <properties/>
  <testcase name="statement" classname="br.com.rbarbioni.bluebank.controller.AccountControllerTest" time="9.484"/>
  <testcase name="findAccount" classname="br.com.rbarbioni.bluebank.controller.AccountControllerTest" time="0.757"/>
  <testcase name="transfer" classname="br.com.rbarbioni.bluebank.controller.AccountControllerTest" time="0.359"/>
  <system-out><![CDATA[20:53:18.555 [Test worker] DEBUG org.springframework.test.context.junit4.SpringJUnit4ClassRunner - SpringJUnit4ClassRunner constructor called with [class br.com.rbarbioni.bluebank.controller.AccountControllerTest]
20:53:18.649 [Test worker] DEBUG org.springframework.test.context.BootstrapUtils - Instantiating CacheAwareContextLoaderDelegate from class [org.springframework.test.context.cache.DefaultCacheAwareContextLoaderDelegate]
20:53:18.814 [Test worker] DEBUG org.springframework.test.context.BootstrapUtils - Instantiating BootstrapContext using constructor [public org.springframework.test.context.support.DefaultBootstrapContext(java.lang.Class,org.springframework.test.context.CacheAwareContextLoaderDelegate)]
20:53:19.483 [Test worker] DEBUG org.springframework.test.context.BootstrapUtils - Instantiating TestContextBootstrapper for test class [br.com.rbarbioni.bluebank.controller.AccountControllerTest] from class [org.springframework.boot.test.context.SpringBootTestContextBootstrapper]
20:53:19.839 [Test worker] INFO org.springframework.boot.test.context.SpringBootTestContextBootstrapper - Neither @ContextConfiguration nor @ContextHierarchy found for test class [br.com.rbarbioni.bluebank.controller.AccountControllerTest], using SpringBootContextLoader
20:53:20.000 [Test worker] DEBUG org.springframework.test.context.support.AbstractContextLoader - Did not detect default resource location for test class [br.com.rbarbioni.bluebank.controller.AccountControllerTest]: class path resource [br/com/rbarbioni/bluebank/controller/AccountControllerTest-context.xml] does not exist
20:53:20.012 [Test worker] DEBUG org.springframework.test.context.support.AbstractContextLoader - Did not detect default resource location for test class [br.com.rbarbioni.bluebank.controller.AccountControllerTest]: class path resource [br/com/rbarbioni/bluebank/controller/AccountControllerTestContext.groovy] does not exist
20:53:20.024 [Test worker] INFO org.springframework.test.context.support.AbstractContextLoader - Could not detect default resource locations for test class [br.com.rbarbioni.bluebank.controller.AccountControllerTest]: no resource found for suffixes {-context.xml, Context.groovy}.
20:53:20.107 [Test worker] INFO org.springframework.test.context.support.AnnotationConfigContextLoaderUtils - Could not detect default configuration classes for test class [br.com.rbarbioni.bluebank.controller.AccountControllerTest]: AccountControllerTest does not declare any static, non-private, non-final, nested classes annotated with @Configuration.
20:53:21.043 [Test worker] DEBUG org.springframework.test.context.support.ActiveProfilesUtils - Could not find an 'annotation declaring class' for annotation type [org.springframework.test.context.ActiveProfiles] and class [br.com.rbarbioni.bluebank.controller.AccountControllerTest]
20:53:21.409 [Test worker] DEBUG org.springframework.core.env.StandardEnvironment - Adding [systemProperties] PropertySource with lowest search precedence
20:53:21.414 [Test worker] DEBUG org.springframework.core.env.StandardEnvironment - Adding [systemEnvironment] PropertySource with lowest search precedence
20:53:21.420 [Test worker] DEBUG org.springframework.core.env.StandardEnvironment - Initialized StandardEnvironment with PropertySources [systemProperties,systemEnvironment]
20:53:21.649 [Test worker] DEBUG org.springframework.core.io.support.PathMatchingResourcePatternResolver - Resolved classpath location [br/com/rbarbioni/bluebank/controller/] to resources [URL [file:/C:/Users/renan/development/workspace/rbstore/build/classes/test/br/com/rbarbioni/bluebank/controller/], URL [file:/C:/Users/renan/development/workspace/rbstore/build/classes/main/br/com/rbarbioni/bluebank/controller/]]
20:53:21.702 [Test worker] DEBUG org.springframework.core.io.support.PathMatchingResourcePatternResolver - Looking for matching resources in directory tree [C:\Users\renan\development\workspace\rbstore\build\classes\test\br\com\rbarbioni\bluebank\controller]
20:53:21.716 [Test worker] DEBUG org.springframework.core.io.support.PathMatchingResourcePatternResolver - Searching directory [C:\Users\renan\development\workspace\rbstore\build\classes\test\br\com\rbarbioni\bluebank\controller] for files matching pattern [C:/Users/renan/development/workspace/rbstore/build/classes/test/br/com/rbarbioni/bluebank/controller/*.class]
20:53:21.776 [Test worker] DEBUG org.springframework.core.io.support.PathMatchingResourcePatternResolver - Looking for matching resources in directory tree [C:\Users\renan\development\workspace\rbstore\build\classes\main\br\com\rbarbioni\bluebank\controller]
20:53:21.784 [Test worker] DEBUG org.springframework.core.io.support.PathMatchingResourcePatternResolver - Searching directory [C:\Users\renan\development\workspace\rbstore\build\classes\main\br\com\rbarbioni\bluebank\controller] for files matching pattern [C:/Users/renan/development/workspace/rbstore/build/classes/main/br/com/rbarbioni/bluebank/controller/*.class]
20:53:21.795 [Test worker] DEBUG org.springframework.core.io.support.PathMatchingResourcePatternResolver - Resolved location pattern [classpath*:br/com/rbarbioni/bluebank/controller/*.class] to resources [file [C:\Users\renan\development\workspace\rbstore\build\classes\test\br\com\rbarbioni\bluebank\controller\AccountControllerTest.class], file [C:\Users\renan\development\workspace\rbstore\build\classes\test\br\com\rbarbioni\bluebank\controller\GlobalExceptionHandlerTest.class], file [C:\Users\renan\development\workspace\rbstore\build\classes\test\br\com\rbarbioni\bluebank\controller\LoginControllerTest.class], file [C:\Users\renan\development\workspace\rbstore\build\classes\main\br\com\rbarbioni\bluebank\controller\AccountController.class], file [C:\Users\renan\development\workspace\rbstore\build\classes\main\br\com\rbarbioni\bluebank\controller\GlobalExceptionHandler.class], file [C:\Users\renan\development\workspace\rbstore\build\classes\main\br\com\rbarbioni\bluebank\controller\LoginController.class]]
20:53:22.605 [Test worker] DEBUG org.springframework.core.io.support.PathMatchingResourcePatternResolver - Resolved classpath location [br/com/rbarbioni/bluebank/] to resources [URL [file:/C:/Users/renan/development/workspace/rbstore/build/classes/test/br/com/rbarbioni/bluebank/], URL [file:/C:/Users/renan/development/workspace/rbstore/build/classes/main/br/com/rbarbioni/bluebank/]]
20:53:22.609 [Test worker] DEBUG org.springframework.core.io.support.PathMatchingResourcePatternResolver - Looking for matching resources in directory tree [C:\Users\renan\development\workspace\rbstore\build\classes\test\br\com\rbarbioni\bluebank]
20:53:22.614 [Test worker] DEBUG org.springframework.core.io.support.PathMatchingResourcePatternResolver - Searching directory [C:\Users\renan\development\workspace\rbstore\build\classes\test\br\com\rbarbioni\bluebank] for files matching pattern [C:/Users/renan/development/workspace/rbstore/build/classes/test/br/com/rbarbioni/bluebank/*.class]
20:53:22.624 [Test worker] DEBUG org.springframework.core.io.support.PathMatchingResourcePatternResolver - Looking for matching resources in directory tree [C:\Users\renan\development\workspace\rbstore\build\classes\main\br\com\rbarbioni\bluebank]
20:53:22.628 [Test worker] DEBUG org.springframework.core.io.support.PathMatchingResourcePatternResolver - Searching directory [C:\Users\renan\development\workspace\rbstore\build\classes\main\br\com\rbarbioni\bluebank] for files matching pattern [C:/Users/renan/development/workspace/rbstore/build/classes/main/br/com/rbarbioni/bluebank/*.class]
20:53:22.667 [Test worker] DEBUG org.springframework.core.io.support.PathMatchingResourcePatternResolver - Resolved location pattern [classpath*:br/com/rbarbioni/bluebank/*.class] to resources [file [C:\Users\renan\development\workspace\rbstore\build\classes\test\br\com\rbarbioni\bluebank\ServletInitializerTest.class], file [C:\Users\renan\development\workspace\rbstore\build\classes\main\br\com\rbarbioni\bluebank\Application.class], file [C:\Users\renan\development\workspace\rbstore\build\classes\main\br\com\rbarbioni\bluebank\SecurityConfiguration.class], file [C:\Users\renan\development\workspace\rbstore\build\classes\main\br\com\rbarbioni\bluebank\ServletInitializer.class]]
20:53:23.405 [Test worker] DEBUG org.springframework.context.annotation.ClassPathScanningCandidateComponentProvider - Identified candidate component class: file [C:\Users\renan\development\workspace\rbstore\build\classes\main\br\com\rbarbioni\bluebank\Application.class]
20:53:23.554 [Test worker] INFO org.springframework.boot.test.context.SpringBootTestContextBootstrapper - Found @SpringBootConfiguration br.com.rbarbioni.bluebank.Application for test class br.com.rbarbioni.bluebank.controller.AccountControllerTest
20:53:23.601 [Test worker] DEBUG org.springframework.boot.test.context.SpringBootTestContextBootstrapper - @TestExecutionListeners is not present for class [br.com.rbarbioni.bluebank.controller.AccountControllerTest]: using defaults.
20:53:23.675 [Test worker] INFO org.springframework.boot.test.context.SpringBootTestContextBootstrapper - Loaded default TestExecutionListener class names from location [META-INF/spring.factories]: [org.springframework.boot.test.mock.mockito.MockitoTestExecutionListener, org.springframework.boot.test.mock.mockito.ResetMocksTestExecutionListener, org.springframework.boot.test.autoconfigure.restdocs.RestDocsTestExecutionListener, org.springframework.boot.test.autoconfigure.web.client.MockRestServiceServerResetTestExecutionListener, org.springframework.boot.test.autoconfigure.web.servlet.MockMvcPrintOnlyOnFailureTestExecutionListener, org.springframework.boot.test.autoconfigure.web.servlet.WebDriverTestExecutionListener, org.springframework.test.context.web.ServletTestExecutionListener, org.springframework.test.context.support.DirtiesContextBeforeModesTestExecutionListener, org.springframework.test.context.support.DependencyInjectionTestExecutionListener, org.springframework.test.context.support.DirtiesContextTestExecutionListener, org.springframework.test.context.transaction.TransactionalTestExecutionListener, org.springframework.test.context.jdbc.SqlScriptsTestExecutionListener]
20:53:24.210 [Test worker] INFO org.springframework.boot.test.context.SpringBootTestContextBootstrapper - Using TestExecutionListeners: [org.springframework.test.context.web.ServletTestExecutionListener@3a2f73dc, org.springframework.test.context.support.DirtiesContextBeforeModesTestExecutionListener@1584727f, org.springframework.boot.test.autoconfigure.SpringBootDependencyInjectionTestExecutionListener@3d9a6cc, org.springframework.test.context.support.DirtiesContextTestExecutionListener@15855451, org.springframework.test.context.transaction.TransactionalTestExecutionListener@54f564ae, org.springframework.test.context.jdbc.SqlScriptsTestExecutionListener@6254f3c5, org.springframework.boot.test.autoconfigure.web.client.MockRestServiceServerResetTestExecutionListener@2cf5c685, org.springframework.boot.test.mock.mockito.ResetMocksTestExecutionListener@136d2896, org.springframework.boot.test.autoconfigure.web.servlet.MockMvcPrintOnlyOnFailureTestExecutionListener@6c42ee41, org.springframework.boot.test.autoconfigure.web.servlet.WebDriverTestExecutionListener@29cde2d7, org.springframework.boot.test.mock.mockito.MockitoTestExecutionListener@2b0ed885, org.springframework.boot.test.autoconfigure.restdocs.RestDocsTestExecutionListener@515d7cea]
20:53:24.253 [Test worker] DEBUG org.springframework.test.annotation.ProfileValueUtils - Retrieved @ProfileValueSourceConfiguration [null] for test class [br.com.rbarbioni.bluebank.controller.AccountControllerTest]
20:53:24.261 [Test worker] DEBUG org.springframework.test.annotation.ProfileValueUtils - Retrieved ProfileValueSource type [class org.springframework.test.annotation.SystemProfileValueSource] for class [br.com.rbarbioni.bluebank.controller.AccountControllerTest]
20:53:24.400 [Test worker] DEBUG org.springframework.test.annotation.ProfileValueUtils - Retrieved @ProfileValueSourceConfiguration [null] for test class [br.com.rbarbioni.bluebank.controller.AccountControllerTest]
20:53:24.403 [Test worker] DEBUG org.springframework.test.annotation.ProfileValueUtils - Retrieved ProfileValueSource type [class org.springframework.test.annotation.SystemProfileValueSource] for class [br.com.rbarbioni.bluebank.controller.AccountControllerTest]
20:53:24.465 [Test worker] DEBUG org.springframework.test.context.support.AbstractDirtiesContextTestExecutionListener - Before test class: context [DefaultTestContext@231bd72c testClass = AccountControllerTest, testInstance = [null], testMethod = [null], testException = [null], mergedContextConfiguration = [WebMergedContextConfiguration@2af38f01 testClass = AccountControllerTest, locations = '{}', classes = '{class br.com.rbarbioni.bluebank.Application}', contextInitializerClasses = '[]', activeProfiles = '{}', propertySourceLocations = '{}', propertySourceProperties = '{org.springframework.boot.test.context.SpringBootTestContextBootstrapper=true, server.port=0}', contextCustomizers = set[org.springframework.boot.test.context.SpringBootTestContextCustomizer@1fbfa2d3, org.springframework.boot.test.context.filter.ExcludeFilterContextCustomizer@39e89201, org.springframework.boot.test.mock.mockito.MockitoContextCustomizer@279110ec, org.springframework.boot.test.autoconfigure.properties.PropertyMappingContextCustomizer@0, org.springframework.boot.test.autoconfigure.web.servlet.WebDriverContextCustomizerFactory$Customizer@1d9b6825], resourceBasePath = 'src/main/webapp', contextLoader = 'org.springframework.boot.test.context.SpringBootContextLoader', parent = [null]]], class annotated with @DirtiesContext [false] with mode [null].
20:53:24.477 [Test worker] DEBUG org.springframework.test.annotation.ProfileValueUtils - Retrieved @ProfileValueSourceConfiguration [null] for test class [br.com.rbarbioni.bluebank.controller.AccountControllerTest]
20:53:24.480 [Test worker] DEBUG org.springframework.test.annotation.ProfileValueUtils - Retrieved ProfileValueSource type [class org.springframework.test.annotation.SystemProfileValueSource] for class [br.com.rbarbioni.bluebank.controller.AccountControllerTest]
20:53:24.512 [Test worker] DEBUG org.springframework.test.context.support.DependencyInjectionTestExecutionListener - Performing dependency injection for test context [[DefaultTestContext@231bd72c testClass = AccountControllerTest, testInstance = br.com.rbarbioni.bluebank.controller.AccountControllerTest@4936c56f, testMethod = [null], testException = [null], mergedContextConfiguration = [WebMergedContextConfiguration@2af38f01 testClass = AccountControllerTest, locations = '{}', classes = '{class br.com.rbarbioni.bluebank.Application}', contextInitializerClasses = '[]', activeProfiles = '{}', propertySourceLocations = '{}', propertySourceProperties = '{org.springframework.boot.test.context.SpringBootTestContextBootstrapper=true, server.port=0}', contextCustomizers = set[org.springframework.boot.test.context.SpringBootTestContextCustomizer@1fbfa2d3, org.springframework.boot.test.context.filter.ExcludeFilterContextCustomizer@39e89201, org.springframework.boot.test.mock.mockito.MockitoContextCustomizer@279110ec, org.springframework.boot.test.autoconfigure.properties.PropertyMappingContextCustomizer@0, org.springframework.boot.test.autoconfigure.web.servlet.WebDriverContextCustomizerFactory$Customizer@1d9b6825], resourceBasePath = 'src/main/webapp', contextLoader = 'org.springframework.boot.test.context.SpringBootContextLoader', parent = [null]]]].
20:53:26.257 [Test worker] DEBUG org.springframework.core.env.StandardEnvironment - Adding [systemProperties] PropertySource with lowest search precedence
20:53:26.262 [Test worker] DEBUG org.springframework.core.env.StandardEnvironment - Adding [systemEnvironment] PropertySource with lowest search precedence
20:53:26.268 [Test worker] DEBUG org.springframework.core.env.StandardEnvironment - Initialized StandardEnvironment with PropertySources [systemProperties,systemEnvironment]
20:53:26.278 [Test worker] DEBUG org.springframework.test.context.support.TestPropertySourceUtils - Adding inlined properties to environment: {spring.jmx.enabled=false, org.springframework.boot.test.context.SpringBootTestContextBootstrapper=true, server.port=0}
20:53:26.284 [Test worker] DEBUG org.springframework.core.env.StandardEnvironment - Adding [Inlined Test Properties] PropertySource with highest search precedence
2017-04-05 20:53:32.170 DEBUG 4172 --- [    Test worker] .b.l.ClasspathLoggingApplicationListener : Application started with classpath: [file:/C:/Users/renan/.gradle/caches/2.14.1/workerMain/gradle-worker.jar, file:/C:/Users/renan/development/workspace/rbstore/build/tmp/expandedArchives/org.jacoco.agent-0.7.6.201602180812.jar_2llhjv7j7vl5n75kvh6qgaq5l/jacocoagent.jar, file:/C:/Users/renan/development/workspace/rbstore/build/classes/test/, file:/C:/Users/renan/development/workspace/rbstore/build/resources/test/, file:/C:/Users/renan/development/workspace/rbstore/build/classes/main/, file:/C:/Users/renan/development/workspace/rbstore/build/resources/main/, file:/C:/Users/renan/.gradle/caches/modules-2/files-2.1/org.springframework.boot/spring-boot-starter-data-jpa/1.5.1.RELEASE/c65567d9300f4b2a5e0ad9ecc3a7696e7d640771/spring-boot-starter-data-jpa-1.5.1.RELEASE.jar, file:/C:/Users/renan/.gradle/caches/modules-2/files-2.1/org.springframework.boot/spring-boot-starter-web/1.5.1.RELEASE/8404c45cb53a05edcd0ad8fc57a5fe43462263d8/spring-boot-starter-web-1.5.1.RELEASE.jar, file:/C:/Users/renan/.gradle/caches/modules-2/files-2.1/org.springframework.boot/spring-boot-starter-security/1.5.1.RELEASE/a7305b81937d3391108a097d1236f9d540009780/spring-boot-starter-security-1.5.1.RELEASE.jar, file:/C:/Users/renan/.gradle/caches/modules-2/files-2.1/io.jsonwebtoken/jjwt/0.7.0/f042fe2676bfdc2091545152e47d77e11999946d/jjwt-0.7.0.jar, file:/C:/Users/renan/.gradle/caches/modules-2/files-2.1/com.h2database/h2/1.4.193/369b51e2090c4e6714d9d5e42010b6330c2cea26/h2-1.4.193.jar, file:/C:/Users/renan/.gradle/caches/modules-2/files-2.1/org.springframework.boot/spring-boot-starter-test/1.5.1.RELEASE/952a57bc721054e30691a62c21713d97c27e4285/spring-boot-starter-test-1.5.1.RELEASE.jar, file:/C:/Users/renan/.gradle/caches/modules-2/files-2.1/org.springframework.boot/spring-boot-starter/1.5.1.RELEASE/5fb187e6a363b9145e3f7f18130ba64e9e22dad8/spring-boot-starter-1.5.1.RELEASE.jar, file:/C:/Users/renan/.gradle/caches/modules-2/files-2.1/org.springframework.boot/spring-boot-starter-aop/1.5.1.RELEASE/c03e2abaa0dc45a64f2a71dd0e6db940ef326dd5/spring-boot-starter-aop-1.5.1.RELEASE.jar, file:/C:/Users/renan/.gradle/caches/modules-2/files-2.1/org.springframework.boot/spring-boot-starter-jdbc/1.5.1.RELEASE/92022d685035a0b043ce581870fceac7156f427d/spring-boot-starter-jdbc-1.5.1.RELEASE.jar, file:/C:/Users/renan/.gradle/caches/modules-2/files-2.1/org.hibernate/hibernate-core/5.0.11.Final/c2487fb72a2217a7cec9ab478d4c21a36fc09977/hibernate-core-5.0.11.Final.jar, file:/C:/Users/renan/.gradle/caches/modules-2/files-2.1/org.hibernate/hibernate-entitymanager/5.0.11.Final/549565caed4e0bcb816843693e66ff7b04ce025f/hibernate-entitymanager-5.0.11.Final.jar, file:/C:/Users/renan/.gradle/caches/modules-2/files-2.1/javax.transaction/javax.transaction-api/1.2/d81aff979d603edd90dcd8db2abc1f4ce6479e3e/javax.transaction-api-1.2.jar, file:/C:/Users/renan/.gradle/caches/modules-2/files-2.1/org.springframework.data/spring-data-jpa/1.11.0.RELEASE/a4c55e3492e511fb1fa956fdefc4aff7904bb799/spring-data-jpa-1.11.0.RELEASE.jar, file:/C:/Users/renan/.gradle/caches/modules-2/files-2.1/org.springframework/spring-aspects/4.3.6.RELEASE/f89e7d952f8981ee616ac5e680d020ae7c52c068/spring-aspects-4.3.6.RELEASE.jar, file:/C:/Users/renan/.gradle/caches/modules-2/files-2.1/org.springframework.boot/spring-boot-starter-tomcat/1.5.1.RELEASE/edf030756ec627ad4d9beb6710c3b0da77412782/spring-boot-starter-tomcat-1.5.1.RELEASE.jar, file:/C:/Users/renan/.gradle/caches/modules-2/files-2.1/org.hibernate/hibernate-validator/5.3.4.Final/2f6c8c0b646afe18e3ad205726729d3c4a85fe2e/hibernate-validator-5.3.4.Final.jar, file:/C:/Users/renan/.gradle/caches/modules-2/files-2.1/com.fasterxml.jackson.core/jackson-databind/2.8.6/c43de61f74ecc61322ef8f402837ba65b0aa2bf4/jackson-databind-2.8.6.jar, file:/C:/Users/renan/.gradle/caches/modules-2/files-2.1/org.springframework/spring-web/4.3.6.RELEASE/8b8bf8fc6ed4acd5ae0baa6179f1cccc52aaa9aa/spring-web-4.3.6.RELEASE.jar, file:/C:/Users/renan/.gradle/caches/modules-2/files-2.1/org.springframework/spring-webmvc/4.3.6.RELEASE/ea55690d6d61ad70e2569db1e1add1603e427862/spring-webmvc-4.3.6.RELEASE.jar, file:/C:/Users/renan/.gradle/caches/modules-2/files-2.1/org.springframework/spring-aop/4.3.6.RELEASE/d70b2393d380cd468d9a14969efaf9022c67c0/spring-aop-4.3.6.RELEASE.jar, file:/C:/Users/renan/.gradle/caches/modules-2/files-2.1/org.springframework.security/spring-security-config/4.2.1.RELEASE/fe8b195415728d8c380531531ce0da5b40bd547f/spring-security-config-4.2.1.RELEASE.jar, file:/C:/Users/renan/.gradle/caches/modules-2/files-2.1/org.springframework.security/spring-security-web/4.2.1.RELEASE/31a526327f419664fe27455d5b2538a1b4aa5dee/spring-security-web-4.2.1.RELEASE.jar, file:/C:/Users/renan/.gradle/caches/modules-2/files-2.1/org.springframework.boot/spring-boot-test/1.5.1.RELEASE/c88cf507cea6ceb4d7850d4a5149a29a87b78194/spring-boot-test-1.5.1.RELEASE.jar, file:/C:/Users/renan/.gradle/caches/modules-2/files-2.1/org.springframework.boot/spring-boot-test-autoconfigure/1.5.1.RELEASE/dfde47412acedab21af1108cc71c3e91fff6c49d/spring-boot-test-autoconfigure-1.5.1.RELEASE.jar, file:/C:/Users/renan/.gradle/caches/modules-2/files-2.1/com.jayway.jsonpath/json-path/2.2.0/22290d17944bd239fabf5ac69005a60a7ecbbbcb/json-path-2.2.0.jar, file:/C:/Users/renan/.gradle/caches/modules-2/files-2.1/junit/junit/4.12/2973d150c0dc1fefe998f834810d68f278ea58ec/junit-4.12.jar, file:/C:/Users/renan/.gradle/caches/modules-2/files-2.1/org.assertj/assertj-core/2.6.0/b532c3fc4f66bcfee4989a3514f1cd56203a33ad/assertj-core-2.6.0.jar, file:/C:/Users/renan/.gradle/caches/modules-2/files-2.1/org.mockito/mockito-core/1.10.19/e8546f5bef4e061d8dd73895b4e8f40e3fe6effe/mockito-core-1.10.19.jar, file:/C:/Users/renan/.gradle/caches/modules-2/files-2.1/org.hamcrest/hamcrest-core/1.3/42a25dc3219429f0e5d060061f71acb49bf010a0/hamcrest-core-1.3.jar, file:/C:/Users/renan/.gradle/caches/modules-2/files-2.1/org.hamcrest/hamcrest-library/1.3/4785a3c21320980282f9f33d0d1264a69040538f/hamcrest-library-1.3.jar, file:/C:/Users/renan/.gradle/caches/modules-2/files-2.1/org.skyscreamer/jsonassert/1.4.0/9cdbb373a06f6513e51e8c545ee6a5e981463edb/jsonassert-1.4.0.jar, file:/C:/Users/renan/.gradle/caches/modules-2/files-2.1/org.springframework/spring-core/4.3.6.RELEASE/690da099c3c2d2536210f0fd06ff3f336de43ad9/spring-core-4.3.6.RELEASE.jar, file:/C:/Users/renan/.gradle/caches/modules-2/files-2.1/org.springframework/spring-test/4.3.6.RELEASE/233edfdbe5f895cd6585001ef30122e5604442b4/spring-test-4.3.6.RELEASE.jar, file:/C:/Users/renan/.gradle/caches/modules-2/files-2.1/org.springframework.boot/spring-boot/1.5.1.RELEASE/670ebd283098aa2d8a397af84fbe6ea152a4d8fa/spring-boot-1.5.1.RELEASE.jar, file:/C:/Users/renan/.gradle/caches/modules-2/files-2.1/org.springframework.boot/spring-boot-autoconfigure/1.5.1.RELEASE/251d960da2d5adfd55cf0281fcdfa69ab525a36d/spring-boot-autoconfigure-1.5.1.RELEASE.jar, file:/C:/Users/renan/.gradle/caches/modules-2/files-2.1/org.springframework.boot/spring-boot-starter-logging/1.5.1.RELEASE/889d35cc87daa453a823056798a4039cd321952a/spring-boot-starter-logging-1.5.1.RELEASE.jar, file:/C:/Users/renan/.gradle/caches/modules-2/files-2.1/org.yaml/snakeyaml/1.17/7a27ea250c5130b2922b86dea63cbb1cc10a660c/snakeyaml-1.17.jar, file:/C:/Users/renan/.gradle/caches/modules-2/files-2.1/org.aspectj/aspectjweaver/1.8.9/db28774f477f07220eac18d5ec9c4e01f48589d7/aspectjweaver-1.8.9.jar, file:/C:/Users/renan/.gradle/caches/modules-2/files-2.1/org.apache.tomcat/tomcat-jdbc/8.5.11/4d156969f12963b5f9232e9fe68ab710c3318ad5/tomcat-jdbc-8.5.11.jar, file:/C:/Users/renan/.gradle/caches/modules-2/files-2.1/org.springframework/spring-jdbc/4.3.6.RELEASE/6b7855cfbc636dff3d902f4f335fc69e7309d55c/spring-jdbc-4.3.6.RELEASE.jar, file:/C:/Users/renan/.gradle/caches/modules-2/files-2.1/org.jboss.logging/jboss-logging/3.3.0.Final/3616bb87707910296e2c195dc016287080bba5af/jboss-logging-3.3.0.Final.jar, file:/C:/Users/renan/.gradle/caches/modules-2/files-2.1/org.hibernate.javax.persistence/hibernate-jpa-2.1-api/1.0.0.Final/5e731d961297e5a07290bfaf3db1fbc8bbbf405a/hibernate-jpa-2.1-api-1.0.0.Final.jar, file:/C:/Users/renan/.gradle/caches/modules-2/files-2.1/org.javassist/javassist/3.21.0-GA/598244f595db5c5fb713731eddbb1c91a58d959b/javassist-3.21.0-GA.jar, file:/C:/Users/renan/.gradle/caches/modules-2/files-2.1/antlr/antlr/2.7.7/83cd2cd674a217ade95a4bb83a8a14f351f48bd0/antlr-2.7.7.jar, file:/C:/Users/renan/.gradle/caches/modules-2/files-2.1/org.jboss/jandex/2.0.0.Final/3e899258936f94649c777193e1be846387ed54b3/jandex-2.0.0.Final.jar, file:/C:/Users/renan/.gradle/caches/modules-2/files-2.1/dom4j/dom4j/1.6.1/5d3ccc056b6f056dbf0dddfdf43894b9065a8f94/dom4j-1.6.1.jar, file:/C:/Users/renan/.gradle/caches/modules-2/files-2.1/org.hibernate.common/hibernate-commons-annotations/5.0.1.Final/71e1cff3fcb20d3b3af4f3363c3ddb24d33c6879/hibernate-commons-annotations-5.0.1.Final.jar, file:/C:/Users/renan/.gradle/caches/modules-2/files-2.1/org.springframework.data/spring-data-commons/1.13.0.RELEASE/4472200cf3fca46e12612e548c4a52a531edf10b/spring-data-commons-1.13.0.RELEASE.jar, file:/C:/Users/renan/.gradle/caches/modules-2/files-2.1/org.springframework/spring-orm/4.3.6.RELEASE/16792e74cc27a032f2ac974972ec0d4ccb9bf18e/spring-orm-4.3.6.RELEASE.jar, file:/C:/Users/renan/.gradle/caches/modules-2/files-2.1/org.springframework/spring-context/4.3.6.RELEASE/5f3041020113e3202a7ae9defe36e7b5d2fb87eb/spring-context-4.3.6.RELEASE.jar, file:/C:/Users/renan/.gradle/caches/modules-2/files-2.1/org.springframework/spring-tx/4.3.6.RELEASE/41b8d5a15a8fcdfef9b2422ea2d97df326b6074b/spring-tx-4.3.6.RELEASE.jar, file:/C:/Users/renan/.gradle/caches/modules-2/files-2.1/org.springframework/spring-beans/4.3.6.RELEASE/1585715ed598b76a23dac931c27aa039b189eafb/spring-beans-4.3.6.RELEASE.jar, file:/C:/Users/renan/.gradle/caches/modules-2/files-2.1/org.slf4j/slf4j-api/1.7.22/a1c83373863cec7ae8d89dc1c5722d8cb6ec0309/slf4j-api-1.7.22.jar, file:/C:/Users/renan/.gradle/caches/modules-2/files-2.1/org.slf4j/jcl-over-slf4j/1.7.22/86ceac14535af5a42c8fb0d06d79b925dd3cb263/jcl-over-slf4j-1.7.22.jar, file:/C:/Users/renan/.gradle/caches/modules-2/files-2.1/org.apache.tomcat.embed/tomcat-embed-core/8.5.11/72761f51fc7cef3ee19d4aafc7adc605df9f611f/tomcat-embed-core-8.5.11.jar, file:/C:/Users/renan/.gradle/caches/modules-2/files-2.1/org.apache.tomcat.embed/tomcat-embed-el/8.5.11/60253815b897166903bf5ec41219c5bb15333a69/tomcat-embed-el-8.5.11.jar, file:/C:/Users/renan/.gradle/caches/modules-2/files-2.1/org.apache.tomcat.embed/tomcat-embed-websocket/8.5.11/dfa65e7857d46630761c0571758a56f7cbd1e9ba/tomcat-embed-websocket-8.5.11.jar, file:/C:/Users/renan/.gradle/caches/modules-2/files-2.1/javax.validation/validation-api/1.1.0.Final/8613ae82954779d518631e05daa73a6a954817d5/validation-api-1.1.0.Final.jar, file:/C:/Users/renan/.gradle/caches/modules-2/files-2.1/com.fasterxml/classmate/1.3.3/864c8e370a691e343210cc7c532fc198cee460d8/classmate-1.3.3.jar, file:/C:/Users/renan/.gradle/caches/modules-2/files-2.1/com.fasterxml.jackson.core/jackson-annotations/2.8.0/45b426f7796b741035581a176744d91090e2e6fb/jackson-annotations-2.8.0.jar, file:/C:/Users/renan/.gradle/caches/modules-2/files-2.1/com.fasterxml.jackson.core/jackson-core/2.8.6/2ef7b1cc34de149600f5e75bc2d5bf40de894e60/jackson-core-2.8.6.jar, file:/C:/Users/renan/.gradle/caches/modules-2/files-2.1/org.springframework/spring-expression/4.3.6.RELEASE/13b53568cfd7b308e70efcbac6cdd0c5d597ba1/spring-expression-4.3.6.RELEASE.jar, file:/C:/Users/renan/.gradle/caches/modules-2/files-2.1/org.springframework.security/spring-security-core/4.2.1.RELEASE/4e8ae0eb3218e1cacc3d7bd2eb41929799340618/spring-security-core-4.2.1.RELEASE.jar, file:/C:/Users/renan/.gradle/caches/modules-2/files-2.1/net.minidev/json-smart/2.2.1/5b9e5df7a62d1279b70dc882b041d249c4f0b002/json-smart-2.2.1.jar, file:/C:/Users/renan/.gradle/caches/modules-2/files-2.1/org.objenesis/objenesis/2.1/87c0ea803b69252868d09308b4618f766f135a96/objenesis-2.1.jar, file:/C:/Users/renan/.gradle/caches/modules-2/files-2.1/com.vaadin.external.google/android-json/0.0.20131108.vaadin1/fa26d351fe62a6a17f5cda1287c1c6110dec413f/android-json-0.0.20131108.vaadin1.jar, file:/C:/Users/renan/.gradle/caches/modules-2/files-2.1/ch.qos.logback/logback-classic/1.1.9/978cd9fbb43b7abed6379d7b02de052d216e30fc/logback-classic-1.1.9.jar, file:/C:/Users/renan/.gradle/caches/modules-2/files-2.1/org.slf4j/jul-to-slf4j/1.7.22/b0429e950b3d2bc2c39c1bacafac753edbe3781c/jul-to-slf4j-1.7.22.jar, file:/C:/Users/renan/.gradle/caches/modules-2/files-2.1/org.slf4j/log4j-over-slf4j/1.7.22/a527c37e9ca6c3d19ba298edd4aa344ca751a203/log4j-over-slf4j-1.7.22.jar, file:/C:/Users/renan/.gradle/caches/modules-2/files-2.1/org.apache.tomcat/tomcat-juli/8.5.11/fa0b261ce002175b65ebb6ae8eb4345cb7e57da3/tomcat-juli-8.5.11.jar, file:/C:/Users/renan/.gradle/caches/modules-2/files-2.1/net.minidev/accessors-smart/1.1/a527213f2fea112a04c9bdf0ec0264e34104cd08/accessors-smart-1.1.jar, file:/C:/Users/renan/.gradle/caches/modules-2/files-2.1/ch.qos.logback/logback-core/1.1.9/e05d0cb67220937c32d7b4e5a47f967605376f63/logback-core-1.1.9.jar, file:/C:/Users/renan/.gradle/caches/modules-2/files-2.1/org.ow2.asm/asm/5.0.3/dcc2193db20e19e1feca8b1240dbbc4e190824fa/asm-5.0.3.jar]

  .   ____          _            __ _ _
 /\\ / ___'_ __ _ _(_)_ __  __ _ \ \ \ \
( ( )\___ | '_ | '_| | '_ \/ _` | \ \ \ \
 \\/  ___)| |_)| | | | | || (_| |  ) ) ) )
  '  |____| .__|_| |_|_| |_\__, | / / / /
 =========|_|==============|___/=/_/_/_/
 :: Spring Boot ::        (v1.5.1.RELEASE)

2017-04-05 20:53:36.208  INFO 4172 --- [    Test worker] b.c.r.b.c.AccountControllerTest          : Starting AccountControllerTest on DESKTOP-EV06N04 with PID 4172 (started by renan in C:\Users\renan\development\workspace\rbstore)
2017-04-05 20:53:36.257  INFO 4172 --- [    Test worker] b.c.r.b.c.AccountControllerTest          : No active profile set, falling back to default profiles: default
2017-04-05 20:53:36.262 DEBUG 4172 --- [    Test worker] o.s.boot.SpringApplication               : Loading source class br.com.rbarbioni.bluebank.Application
2017-04-05 20:53:37.298 DEBUG 4172 --- [    Test worker] o.s.b.c.c.ConfigFileApplicationListener  : Loaded config file 'file:/C:/Users/renan/development/workspace/rbstore/build/resources/test/application.properties' (classpath:/application.properties)
2017-04-05 20:53:37.304 DEBUG 4172 --- [    Test worker] o.s.b.c.c.ConfigFileApplicationListener  : Skipped (empty) config file 'file:/C:/Users/renan/development/workspace/rbstore/build/resources/test/application.properties' (classpath:/application.properties) for profile default
2017-04-05 20:53:37.442  INFO 4172 --- [    Test worker] ationConfigEmbeddedWebApplicationContext : Refreshing org.springframework.boot.context.embedded.AnnotationConfigEmbeddedWebApplicationContext@c41c943: startup date [Wed Apr 05 20:53:37 BRT 2017]; root of context hierarchy
2017-04-05 20:53:37.450 DEBUG 4172 --- [    Test worker] ationConfigEmbeddedWebApplicationContext : Bean factory for org.springframework.boot.context.embedded.AnnotationConfigEmbeddedWebApplicationContext@c41c943: org.springframework.beans.factory.support.DefaultListableBeanFactory@ca3e1fa: defining beans [org.springframework.context.annotation.internalConfigurationAnnotationProcessor,org.springframework.context.annotation.internalAutowiredAnnotationProcessor,org.springframework.context.annotation.internalRequiredAnnotationProcessor,org.springframework.context.annotation.internalCommonAnnotationProcessor,org.springframework.context.annotation.internalPersistenceAnnotationProcessor,org.springframework.context.event.internalEventListenerProcessor,org.springframework.context.event.internalEventListenerFactory,org.springframework.boot.test.web.client.TestRestTemplate,org.springframework.boot.test.mock.mockito.MockitoPostProcessor$SpyPostProcessor,org.springframework.boot.test.mock.mockito.MockitoPostProcessor,application]; root of factory hierarchy
2017-04-05 20:53:59.626 DEBUG 4172 --- [    Test worker] o.s.b.a.AutoConfigurationPackages        : @EnableAutoConfiguration was declared on a class in the package 'br.com.rbarbioni.bluebank'. Automatic @Repository and @Entity scanning is enabled.
2017-04-05 20:54:10.962  INFO 4172 --- [    Test worker] trationDelegate$BeanPostProcessorChecker : Bean 'org.springframework.boot.autoconfigure.validation.ValidationAutoConfiguration' of type [class org.springframework.boot.autoconfigure.validation.ValidationAutoConfiguration] is not eligible for getting processed by all BeanPostProcessors (for example: not eligible for auto-proxying)
2017-04-05 20:54:12.295  INFO 4172 --- [    Test worker] trationDelegate$BeanPostProcessorChecker : Bean 'validator' of type [class org.springframework.validation.beanvalidation.LocalValidatorFactoryBean] is not eligible for getting processed by all BeanPostProcessors (for example: not eligible for auto-proxying)
2017-04-05 20:54:12.617  INFO 4172 --- [    Test worker] trationDelegate$BeanPostProcessorChecker : Bean 'org.springframework.transaction.annotation.ProxyTransactionManagementConfiguration' of type [class org.springframework.transaction.annotation.ProxyTransactionManagementConfiguration$$EnhancerBySpringCGLIB$$f63bd210] is not eligible for getting processed by all BeanPostProcessors (for example: not eligible for auto-proxying)
2017-04-05 20:54:13.659  INFO 4172 --- [    Test worker] trationDelegate$BeanPostProcessorChecker : Bean 'org.springframework.security.config.annotation.configuration.ObjectPostProcessorConfiguration' of type [class org.springframework.security.config.annotation.configuration.ObjectPostProcessorConfiguration$$EnhancerBySpringCGLIB$$8ee99a4a] is not eligible for getting processed by all BeanPostProcessors (for example: not eligible for auto-proxying)
2017-04-05 20:54:13.846  INFO 4172 --- [    Test worker] trationDelegate$BeanPostProcessorChecker : Bean 'objectPostProcessor' of type [class org.springframework.security.config.annotation.configuration.AutowireBeanFactoryObjectPostProcessor] is not eligible for getting processed by all BeanPostProcessors (for example: not eligible for auto-proxying)
2017-04-05 20:54:13.865  INFO 4172 --- [    Test worker] trationDelegate$BeanPostProcessorChecker : Bean 'org.springframework.security.access.expression.method.DefaultMethodSecurityExpressionHandler@55ad9cc0' of type [class org.springframework.security.access.expression.method.DefaultMethodSecurityExpressionHandler] is not eligible for getting processed by all BeanPostProcessors (for example: not eligible for auto-proxying)
2017-04-05 20:54:13.957  INFO 4172 --- [    Test worker] trationDelegate$BeanPostProcessorChecker : Bean 'org.springframework.security.config.annotation.method.configuration.GlobalMethodSecurityConfiguration' of type [class org.springframework.security.config.annotation.method.configuration.GlobalMethodSecurityConfiguration$$EnhancerBySpringCGLIB$$b3be3cfc] is not eligible for getting processed by all BeanPostProcessors (for example: not eligible for auto-proxying)
2017-04-05 20:54:14.174  INFO 4172 --- [    Test worker] trationDelegate$BeanPostProcessorChecker : Bean 'methodSecurityMetadataSource' of type [class org.springframework.security.access.method.DelegatingMethodSecurityMetadataSource] is not eligible for getting processed by all BeanPostProcessors (for example: not eligible for auto-proxying)
2017-04-05 20:54:14.355 DEBUG 4172 --- [    Test worker] ationConfigEmbeddedWebApplicationContext : Unable to locate MessageSource with name 'messageSource': using default [org.springframework.context.support.DelegatingMessageSource@322da4ca]
2017-04-05 20:54:14.356 DEBUG 4172 --- [    Test worker] ationConfigEmbeddedWebApplicationContext : Unable to locate ApplicationEventMulticaster with name 'applicationEventMulticaster': using default [org.springframework.context.event.SimpleApplicationEventMulticaster@18de1896]
2017-04-05 20:54:18.627 DEBUG 4172 --- [    Test worker] .t.TomcatEmbeddedServletContainerFactory : Code archive: C:\Users\renan\.gradle\caches\modules-2\files-2.1\org.springframework.boot\spring-boot\1.5.1.RELEASE\670ebd283098aa2d8a397af84fbe6ea152a4d8fa\spring-boot-1.5.1.RELEASE.jar
2017-04-05 20:54:18.630 DEBUG 4172 --- [    Test worker] .t.TomcatEmbeddedServletContainerFactory : Code archive: C:\Users\renan\.gradle\caches\modules-2\files-2.1\org.springframework.boot\spring-boot\1.5.1.RELEASE\670ebd283098aa2d8a397af84fbe6ea152a4d8fa\spring-boot-1.5.1.RELEASE.jar
2017-04-05 20:54:18.645 DEBUG 4172 --- [    Test worker] .t.TomcatEmbeddedServletContainerFactory : Document root: C:\Users\renan\development\workspace\rbstore\src\main\webapp
2017-04-05 20:54:20.341  INFO 4172 --- [    Test worker] s.b.c.e.t.TomcatEmbeddedServletContainer : Tomcat initialized with port(s): 0 (http)
2017-04-05 20:54:20.544  INFO 4172 --- [    Test worker] o.apache.catalina.core.StandardService   : Starting service Tomcat
2017-04-05 20:54:20.577  INFO 4172 --- [    Test worker] org.apache.catalina.core.StandardEngine  : Starting Servlet Engine: Apache Tomcat/8.5.11
2017-04-05 20:54:22.237  INFO 4172 --- [ost-startStop-1] o.a.c.c.C.[Tomcat].[localhost].[/]       : Initializing Spring embedded WebApplicationContext
2017-04-05 20:54:22.254  INFO 4172 --- [ost-startStop-1] o.s.web.context.ContextLoader            : Root WebApplicationContext: initialization completed in 44939 ms
2017-04-05 20:54:24.540 DEBUG 4172 --- [ost-startStop-1] o.s.b.w.s.ServletContextInitializerBeans : Added existing Filter initializer bean 'securityFilterChainRegistration'; order=-100, resource=class path resource [org/springframework/boot/autoconfigure/security/SecurityFilterAutoConfiguration.class]
2017-04-05 20:54:24.543 DEBUG 4172 --- [ost-startStop-1] o.s.b.w.s.ServletContextInitializerBeans : Added existing Servlet initializer bean 'dispatcherServletRegistration'; order=2147483647, resource=class path resource [org/springframework/boot/autoconfigure/web/DispatcherServletAutoConfiguration$DispatcherServletRegistrationConfiguration.class]
2017-04-05 20:54:27.659 DEBUG 4172 --- [ost-startStop-1] o.s.b.w.s.ServletContextInitializerBeans : Created Filter initializer for bean 'characterEncodingFilter'; order=-2147483648, resource=class path resource [org/springframework/boot/autoconfigure/web/HttpEncodingAutoConfiguration.class]
2017-04-05 20:54:27.692 DEBUG 4172 --- [ost-startStop-1] o.s.b.w.s.ServletContextInitializerBeans : Created Filter initializer for bean 'hiddenHttpMethodFilter'; order=-10000, resource=class path resource [org/springframework/boot/autoconfigure/web/WebMvcAutoConfiguration.class]
2017-04-05 20:54:27.700 DEBUG 4172 --- [ost-startStop-1] o.s.b.w.s.ServletContextInitializerBeans : Created Filter initializer for bean 'httpPutFormContentFilter'; order=-9900, resource=class path resource [org/springframework/boot/autoconfigure/web/WebMvcAutoConfiguration.class]
2017-04-05 20:54:27.714 DEBUG 4172 --- [ost-startStop-1] o.s.b.w.s.ServletContextInitializerBeans : Created Filter initializer for bean 'requestContextFilter'; order=-105, resource=class path resource [org/springframework/boot/autoconfigure/web/WebMvcAutoConfiguration$WebMvcAutoConfigurationAdapter.class]
2017-04-05 20:54:27.715 DEBUG 4172 --- [ost-startStop-1] o.s.b.w.s.ServletContextInitializerBeans : Created Filter initializer for bean 'securityHttpFilter'; order=2147483647, resource=file [C:\Users\renan\development\workspace\rbstore\build\classes\main\br\com\rbarbioni\bluebank\secure\SecurityHttpFilter.class]
2017-04-05 20:54:28.022  INFO 4172 --- [ost-startStop-1] o.s.b.w.servlet.FilterRegistrationBean   : Mapping filter: 'characterEncodingFilter' to: [/*]
2017-04-05 20:54:28.030  INFO 4172 --- [ost-startStop-1] o.s.b.w.servlet.FilterRegistrationBean   : Mapping filter: 'hiddenHttpMethodFilter' to: [/*]
2017-04-05 20:54:28.041  INFO 4172 --- [ost-startStop-1] o.s.b.w.servlet.FilterRegistrationBean   : Mapping filter: 'httpPutFormContentFilter' to: [/*]
2017-04-05 20:54:28.056  INFO 4172 --- [ost-startStop-1] o.s.b.w.servlet.FilterRegistrationBean   : Mapping filter: 'requestContextFilter' to: [/*]
2017-04-05 20:54:28.074  INFO 4172 --- [ost-startStop-1] .s.DelegatingFilterProxyRegistrationBean : Mapping filter: 'springSecurityFilterChain' to: [/*]
2017-04-05 20:54:28.077  INFO 4172 --- [ost-startStop-1] o.s.b.w.servlet.FilterRegistrationBean   : Mapping filter: 'securityHttpFilter' to: [/*]
2017-04-05 20:54:28.079  INFO 4172 --- [ost-startStop-1] o.s.b.w.servlet.ServletRegistrationBean  : Mapping servlet: 'dispatcherServlet' to [/]
2017-04-05 20:54:28.352 DEBUG 4172 --- [ost-startStop-1] o.s.b.w.f.OrderedRequestContextFilter    : Initializing filter 'requestContextFilter'
2017-04-05 20:54:28.371 DEBUG 4172 --- [ost-startStop-1] o.s.b.w.f.OrderedRequestContextFilter    : Filter 'requestContextFilter' configured successfully
2017-04-05 20:54:28.375 DEBUG 4172 --- [ost-startStop-1] .s.b.w.f.OrderedHttpPutFormContentFilter : Initializing filter 'httpPutFormContentFilter'
2017-04-05 20:54:28.376 DEBUG 4172 --- [ost-startStop-1] .s.b.w.f.OrderedHttpPutFormContentFilter : Filter 'httpPutFormContentFilter' configured successfully
2017-04-05 20:54:28.377 DEBUG 4172 --- [ost-startStop-1] o.s.b.w.f.OrderedHiddenHttpMethodFilter  : Initializing filter 'hiddenHttpMethodFilter'
2017-04-05 20:54:28.384 DEBUG 4172 --- [ost-startStop-1] o.s.b.w.f.OrderedHiddenHttpMethodFilter  : Filter 'hiddenHttpMethodFilter' configured successfully
2017-04-05 20:54:28.388 DEBUG 4172 --- [ost-startStop-1] o.s.b.w.f.OrderedCharacterEncodingFilter : Initializing filter 'characterEncodingFilter'
2017-04-05 20:54:28.391 DEBUG 4172 --- [ost-startStop-1] o.s.b.w.f.OrderedCharacterEncodingFilter : Filter 'characterEncodingFilter' configured successfully
2017-04-05 20:54:28.394 DEBUG 4172 --- [ost-startStop-1] .DelegatingFilterProxyRegistrationBean$1 : Initializing filter 'springSecurityFilterChain'
2017-04-05 20:54:28.395 DEBUG 4172 --- [ost-startStop-1] .DelegatingFilterProxyRegistrationBean$1 : Filter 'springSecurityFilterChain' configured successfully
2017-04-05 20:54:37.005  INFO 4172 --- [    Test worker] j.LocalContainerEntityManagerFactoryBean : Building JPA container EntityManagerFactory for persistence unit 'default'
2017-04-05 20:54:37.490  INFO 4172 --- [    Test worker] o.hibernate.jpa.internal.util.LogHelper  : HHH000204: Processing PersistenceUnitInfo [
	name: default
	...]
2017-04-05 20:54:40.598  INFO 4172 --- [    Test worker] org.hibernate.Version                    : HHH000412: Hibernate Core {5.0.11.Final}
2017-04-05 20:54:40.616  INFO 4172 --- [    Test worker] org.hibernate.cfg.Environment            : HHH000206: hibernate.properties not found
2017-04-05 20:54:40.638  INFO 4172 --- [    Test worker] org.hibernate.cfg.Environment            : HHH000021: Bytecode provider name : javassist
2017-04-05 20:54:41.316  INFO 4172 --- [    Test worker] o.hibernate.annotations.common.Version   : HCANN000001: Hibernate Commons Annotations {5.0.1.Final}
2017-04-05 20:54:44.061  INFO 4172 --- [    Test worker] org.hibernate.dialect.Dialect            : HHH000400: Using dialect: org.hibernate.dialect.H2Dialect
2017-04-05 20:54:52.929  INFO 4172 --- [    Test worker] org.hibernate.tool.hbm2ddl.SchemaExport  : HHH000227: Running hbm2ddl schema export
2017-04-05 20:54:52.954 DEBUG 4172 --- [    Test worker] org.hibernate.SQL                        : drop table account if exists
Hibernate: drop table account if exists
2017-04-05 20:54:52.960 DEBUG 4172 --- [    Test worker] org.hibernate.SQL                        : drop table account_history if exists
Hibernate: drop table account_history if exists
2017-04-05 20:54:52.966 DEBUG 4172 --- [    Test worker] org.hibernate.SQL                        : create table account (id bigint generated by default as identity, created_date timestamp, modified_date timestamp, agencia varchar(255) not null, cpf varchar(255) not null, numero varchar(255) not null, password varchar(255), saldo decimal(19,2), primary key (id))
Hibernate: create table account (id bigint generated by default as identity, created_date timestamp, modified_date timestamp, agencia varchar(255) not null, cpf varchar(255) not null, numero varchar(255) not null, password varchar(255), saldo decimal(19,2), primary key (id))
2017-04-05 20:54:53.079 DEBUG 4172 --- [    Test worker] org.hibernate.SQL                        : create table account_history (id bigint generated by default as identity, created_date timestamp, modified_date timestamp, agencia varchar(255) not null, cpf varchar(255) not null, numero varchar(255) not null, operation varchar(255) not null, valor decimal(19,2) not null, primary key (id))
Hibernate: create table account_history (id bigint generated by default as identity, created_date timestamp, modified_date timestamp, agencia varchar(255) not null, cpf varchar(255) not null, numero varchar(255) not null, operation varchar(255) not null, valor decimal(19,2) not null, primary key (id))
2017-04-05 20:54:53.141 DEBUG 4172 --- [    Test worker] org.hibernate.SQL                        : alter table account add constraint UK4cji7uofqvhuj921yfjcvudxq unique (cpf, agencia, numero)
Hibernate: alter table account add constraint UK4cji7uofqvhuj921yfjcvudxq unique (cpf, agencia, numero)
2017-04-05 20:54:53.248  INFO 4172 --- [    Test worker] org.hibernate.tool.hbm2ddl.SchemaExport  : HHH000230: Schema export complete
2017-04-05 20:54:53.961  INFO 4172 --- [    Test worker] j.LocalContainerEntityManagerFactoryBean : Initialized JPA EntityManagerFactory for persistence unit 'default'
2017-04-05 20:54:59.266 DEBUG 4172 --- [    Test worker] .s.BootGlobalAuthenticationConfiguration : Eagerly initializing {application=br.com.rbarbioni.bluebank.Application$$EnhancerBySpringCGLIB$$4e27a504@417eb220}
2017-04-05 20:54:59.607  INFO 4172 --- [    Test worker] b.a.s.AuthenticationManagerConfiguration : 

Using default security password: 00b05a8e-5ff3-4cde-a8b8-5106b7fef097

2017-04-05 20:55:02.947  INFO 4172 --- [    Test worker] o.s.s.web.DefaultSecurityFilterChain     : Creating filter chain: org.springframework.security.web.util.matcher.AnyRequestMatcher@1, [org.springframework.security.web.context.request.async.WebAsyncManagerIntegrationFilter@269c49a1, org.springframework.security.web.context.SecurityContextPersistenceFilter@3ece40db, org.springframework.security.web.header.HeaderWriterFilter@90a1b6b, org.springframework.security.web.authentication.logout.LogoutFilter@7a4df44a, br.com.rbarbioni.bluebank.secure.SecurityHttpFilter@7b37f336, org.springframework.security.web.savedrequest.RequestCacheAwareFilter@5078f858, org.springframework.security.web.servletapi.SecurityContextHolderAwareRequestFilter@4f49c9a9, org.springframework.security.web.authentication.AnonymousAuthenticationFilter@1e2371d, org.springframework.security.web.session.SessionManagementFilter@5304e164, org.springframework.security.web.access.ExceptionTranslationFilter@4d341b0b, org.springframework.security.web.access.intercept.FilterSecurityInterceptor@2cee888a]
2017-04-05 20:55:03.468  INFO 4172 --- [    Test worker] o.s.jdbc.datasource.init.ScriptUtils     : Executing SQL script from URL [file:/C:/Users/renan/development/workspace/rbstore/build/resources/main/data.sql]
2017-04-05 20:55:03.561  INFO 4172 --- [    Test worker] o.s.jdbc.datasource.init.ScriptUtils     : Executed SQL script from URL [file:/C:/Users/renan/development/workspace/rbstore/build/resources/main/data.sql] in 89 ms.
2017-04-05 20:55:03.562  INFO 4172 --- [    Test worker] o.s.jdbc.datasource.init.ScriptUtils     : Executing SQL script from URL [file:/C:/Users/renan/development/workspace/rbstore/build/resources/test/data.sql]
2017-04-05 20:55:03.590  INFO 4172 --- [    Test worker] o.s.jdbc.datasource.init.ScriptUtils     : Executed SQL script from URL [file:/C:/Users/renan/development/workspace/rbstore/build/resources/test/data.sql] in 28 ms.
2017-04-05 20:55:11.041  INFO 4172 --- [    Test worker] o.h.h.i.QueryTranslatorFactoryInitiator  : HHH000397: Using ASTQueryTranslatorFactory
2017-04-05 20:55:15.920  INFO 4172 --- [    Test worker] s.w.s.m.m.a.RequestMappingHandlerAdapter : Looking for @ControllerAdvice: org.springframework.boot.context.embedded.AnnotationConfigEmbeddedWebApplicationContext@c41c943: startup date [Wed Apr 05 20:53:37 BRT 2017]; root of context hierarchy
2017-04-05 20:55:17.454  INFO 4172 --- [    Test worker] s.w.s.m.m.a.RequestMappingHandlerMapping : Mapped "{[/api/account/transfer],methods=[POST]}" onto public br.com.rbarbioni.bluebank.model.Account br.com.rbarbioni.bluebank.controller.AccountController.transfer(br.com.rbarbioni.bluebank.model.dto.AccountTransferDto) throws com.fasterxml.jackson.core.JsonProcessingException
2017-04-05 20:55:17.472  INFO 4172 --- [    Test worker] s.w.s.m.m.a.RequestMappingHandlerMapping : Mapped "{[/api/account],methods=[GET]}" onto public br.com.rbarbioni.bluebank.model.Account br.com.rbarbioni.bluebank.controller.AccountController.getConta(java.lang.String,java.lang.String,java.lang.String) throws com.fasterxml.jackson.core.JsonProcessingException
2017-04-05 20:55:17.480  INFO 4172 --- [    Test worker] s.w.s.m.m.a.RequestMappingHandlerMapping : Mapped "{[/api/account/statement],methods=[GET]}" onto public java.util.List<br.com.rbarbioni.bluebank.model.AccountHistory> br.com.rbarbioni.bluebank.controller.AccountController.statement(java.lang.String,java.lang.String,java.lang.String)
2017-04-05 20:55:17.495  INFO 4172 --- [    Test worker] s.w.s.m.m.a.RequestMappingHandlerMapping : Mapped "{[/api/login],methods=[POST]}" onto public br.com.rbarbioni.bluebank.model.Account br.com.rbarbioni.bluebank.controller.LoginController.login(br.com.rbarbioni.bluebank.model.dto.LoginDto) throws com.fasterxml.jackson.core.JsonProcessingException
2017-04-05 20:55:17.529  INFO 4172 --- [    Test worker] s.w.s.m.m.a.RequestMappingHandlerMapping : Mapped "{[/error]}" onto public org.springframework.http.ResponseEntity<java.util.Map<java.lang.String, java.lang.Object>> org.springframework.boot.autoconfigure.web.BasicErrorController.error(javax.servlet.http.HttpServletRequest)
2017-04-05 20:55:17.537  INFO 4172 --- [    Test worker] s.w.s.m.m.a.RequestMappingHandlerMapping : Mapped "{[/error],produces=[text/html]}" onto public org.springframework.web.servlet.ModelAndView org.springframework.boot.autoconfigure.web.BasicErrorController.errorHtml(javax.servlet.http.HttpServletRequest,javax.servlet.http.HttpServletResponse)
2017-04-05 20:55:18.118  INFO 4172 --- [    Test worker] o.s.w.s.handler.SimpleUrlHandlerMapping  : Mapped URL path [/webjars/**] onto handler of type [class org.springframework.web.servlet.resource.ResourceHttpRequestHandler]
2017-04-05 20:55:18.132  INFO 4172 --- [    Test worker] o.s.w.s.handler.SimpleUrlHandlerMapping  : Mapped URL path [/**] onto handler of type [class org.springframework.web.servlet.resource.ResourceHttpRequestHandler]
2017-04-05 20:55:18.368  INFO 4172 --- [    Test worker] .m.m.a.ExceptionHandlerExceptionResolver : Detected @ExceptionHandler methods in globalExceptionHandler
2017-04-05 20:55:18.661  INFO 4172 --- [    Test worker] o.s.w.s.handler.SimpleUrlHandlerMapping  : Mapped URL path [/**/favicon.ico] onto handler of type [class org.springframework.web.servlet.resource.ResourceHttpRequestHandler]
2017-04-05 20:55:19.153  INFO 4172 --- [    Test worker] oConfiguration$WelcomePageHandlerMapping : Adding welcome page: class path resource [public/index.html]
2017-04-05 20:55:22.152 DEBUG 4172 --- [    Test worker] ationConfigEmbeddedWebApplicationContext : Unable to locate LifecycleProcessor with name 'lifecycleProcessor': using default [org.springframework.context.support.DefaultLifecycleProcessor@5b599eee]
2017-04-05 20:55:22.428 DEBUG 4172 --- [    Test worker] utoConfigurationReportLoggingInitializer : 


=========================
AUTO-CONFIGURATION REPORT
=========================


Positive matches:
-----------------

   AopAutoConfiguration matched:
      - @ConditionalOnClass found required classes 'org.springframework.context.annotation.EnableAspectJAutoProxy', 'org.aspectj.lang.annotation.Aspect', 'org.aspectj.lang.reflect.Advice'; @ConditionalOnMissingClass did not find unwanted class (OnClassCondition)
      - @ConditionalOnProperty (spring.aop.auto=true) matched (OnPropertyCondition)

   AopAutoConfiguration.JdkDynamicAutoProxyConfiguration matched:
      - @ConditionalOnProperty (spring.aop.proxy-target-class=false) matched (OnPropertyCondition)

   AuthenticationManagerConfiguration matched:
      - @ConditionalOnBean (types: org.springframework.security.config.annotation.ObjectPostProcessor; SearchStrategy: all) found bean 'objectPostProcessor'; @ConditionalOnMissingBean (types: org.springframework.security.authentication.AuthenticationManager; SearchStrategy: all) did not find any beans (OnBeanCondition)

   BootGlobalAuthenticationConfiguration matched:
      - @ConditionalOnClass found required class 'org.springframework.security.config.annotation.authentication.configurers.GlobalAuthenticationConfigurerAdapter'; @ConditionalOnMissingClass did not find unwanted class (OnClassCondition)

   DataSourceAutoConfiguration matched:
      - @ConditionalOnClass found required classes 'javax.sql.DataSource', 'org.springframework.jdbc.datasource.embedded.EmbeddedDatabaseType'; @ConditionalOnMissingClass did not find unwanted class (OnClassCondition)

   DataSourceAutoConfiguration#dataSourceInitializer matched:
      - @ConditionalOnMissingBean (types: org.springframework.boot.autoconfigure.jdbc.DataSourceInitializer; SearchStrategy: all) did not find any beans (OnBeanCondition)

   DataSourceAutoConfiguration.PooledDataSourceConfiguration matched:
      - AnyNestedCondition 1 matched 1 did not; NestedCondition on DataSourceAutoConfiguration.PooledDataSourceCondition.PooledDataSourceAvailable PooledDataSource found supported DataSource; NestedCondition on DataSourceAutoConfiguration.PooledDataSourceCondition.ExplicitType @ConditionalOnProperty (spring.datasource.type) did not find property 'type' (DataSourceAutoConfiguration.PooledDataSourceCondition)
      - @ConditionalOnMissingBean (types: javax.sql.DataSource,javax.sql.XADataSource; SearchStrategy: all) did not find any beans (OnBeanCondition)

   DataSourceConfiguration.Tomcat matched:
      - @ConditionalOnClass found required class 'org.apache.tomcat.jdbc.pool.DataSource'; @ConditionalOnMissingClass did not find unwanted class (OnClassCondition)
      - @ConditionalOnProperty (spring.datasource.type=org.apache.tomcat.jdbc.pool.DataSource) matched (OnPropertyCondition)

   DataSourcePoolMetadataProvidersConfiguration.TomcatDataSourcePoolMetadataProviderConfiguration matched:
      - @ConditionalOnClass found required class 'org.apache.tomcat.jdbc.pool.DataSource'; @ConditionalOnMissingClass did not find unwanted class (OnClassCondition)

   DataSourceTransactionManagerAutoConfiguration matched:
      - @ConditionalOnClass found required classes 'org.springframework.jdbc.core.JdbcTemplate', 'org.springframework.transaction.PlatformTransactionManager'; @ConditionalOnMissingClass did not find unwanted class (OnClassCondition)

   DataSourceTransactionManagerAutoConfiguration.DataSourceTransactionManagerConfiguration matched:
      - @ConditionalOnSingleCandidate (types: javax.sql.DataSource; SearchStrategy: all) found a primary bean from beans 'dataSource' (OnBeanCondition)

   DispatcherServletAutoConfiguration matched:
      - @ConditionalOnClass found required class 'org.springframework.web.servlet.DispatcherServlet'; @ConditionalOnMissingClass did not find unwanted class (OnClassCondition)
      - @ConditionalOnWebApplication (required) found WebApplicationContext (OnWebApplicationCondition)

   DispatcherServletAutoConfiguration.DispatcherServletConfiguration matched:
      - @ConditionalOnClass found required class 'javax.servlet.ServletRegistration'; @ConditionalOnMissingClass did not find unwanted class (OnClassCondition)
      - Default DispatcherServlet did not find dispatcher servlet beans (DispatcherServletAutoConfiguration.DefaultDispatcherServletCondition)

   DispatcherServletAutoConfiguration.DispatcherServletRegistrationConfiguration matched:
      - @ConditionalOnClass found required class 'javax.servlet.ServletRegistration'; @ConditionalOnMissingClass did not find unwanted class (OnClassCondition)
      - DispatcherServlet Registration did not find servlet registration bean (DispatcherServletAutoConfiguration.DispatcherServletRegistrationCondition)

   DispatcherServletAutoConfiguration.DispatcherServletRegistrationConfiguration#dispatcherServletRegistration matched:
      - @ConditionalOnBean (names: dispatcherServlet; types: org.springframework.web.servlet.DispatcherServlet; SearchStrategy: all) found beans 'dispatcherServlet', 'dispatcherServlet' (OnBeanCondition)

   EmbeddedServletContainerAutoConfiguration matched:
      - @ConditionalOnWebApplication (required) found WebApplicationContext (OnWebApplicationCondition)

   EmbeddedServletContainerAutoConfiguration.EmbeddedTomcat matched:
      - @ConditionalOnClass found required classes 'javax.servlet.Servlet', 'org.apache.catalina.startup.Tomcat'; @ConditionalOnMissingClass did not find unwanted class (OnClassCondition)
      - @ConditionalOnMissingBean (types: org.springframework.boot.context.embedded.EmbeddedServletContainerFactory; SearchStrategy: current) did not find any beans (OnBeanCondition)

   ErrorMvcAutoConfiguration matched:
      - @ConditionalOnClass found required classes 'javax.servlet.Servlet', 'org.springframework.web.servlet.DispatcherServlet'; @ConditionalOnMissingClass did not find unwanted class (OnClassCondition)
      - @ConditionalOnWebApplication (required) found WebApplicationContext (OnWebApplicationCondition)

   ErrorMvcAutoConfiguration#basicErrorController matched:
      - @ConditionalOnMissingBean (types: org.springframework.boot.autoconfigure.web.ErrorController; SearchStrategy: current) did not find any beans (OnBeanCondition)

   ErrorMvcAutoConfiguration#errorAttributes matched:
      - @ConditionalOnMissingBean (types: org.springframework.boot.autoconfigure.web.ErrorAttributes; SearchStrategy: current) did not find any beans (OnBeanCondition)

   ErrorMvcAutoConfiguration.DefaultErrorViewResolverConfiguration#conventionErrorViewResolver matched:
      - @ConditionalOnBean (types: org.springframework.web.servlet.DispatcherServlet; SearchStrategy: all) found bean 'dispatcherServlet'; @ConditionalOnMissingBean (types: org.springframework.boot.autoconfigure.web.DefaultErrorViewResolver; SearchStrategy: all) did not find any beans (OnBeanCondition)

   ErrorMvcAutoConfiguration.WhitelabelErrorViewConfiguration matched:
      - @ConditionalOnProperty (server.error.whitelabel.enabled) matched (OnPropertyCondition)
      - ErrorTemplate Missing did not find error template view (ErrorMvcAutoConfiguration.ErrorTemplateMissingCondition)

   ErrorMvcAutoConfiguration.WhitelabelErrorViewConfiguration#beanNameViewResolver matched:
      - @ConditionalOnMissingBean (types: org.springframework.web.servlet.view.BeanNameViewResolver; SearchStrategy: all) did not find any beans (OnBeanCondition)

   ErrorMvcAutoConfiguration.WhitelabelErrorViewConfiguration#defaultErrorView matched:
      - @ConditionalOnMissingBean (names: error; SearchStrategy: all) did not find any beans (OnBeanCondition)

   GenericCacheConfiguration matched:
      - Cache org.springframework.boot.autoconfigure.cache.GenericCacheConfiguration automatic cache type (CacheCondition)

   HibernateJpaAutoConfiguration matched:
      - @ConditionalOnClass found required classes 'org.springframework.orm.jpa.LocalContainerEntityManagerFactoryBean', 'org.springframework.transaction.annotation.EnableTransactionManagement', 'javax.persistence.EntityManager'; @ConditionalOnMissingClass did not find unwanted class (OnClassCondition)
      - HibernateEntityManager found class 'org.hibernate.ejb.HibernateEntityManager' (HibernateJpaAutoConfiguration.HibernateEntityManagerCondition)

   HttpEncodingAutoConfiguration matched:
      - @ConditionalOnClass found required class 'org.springframework.web.filter.CharacterEncodingFilter'; @ConditionalOnMissingClass did not find unwanted class (OnClassCondition)
      - @ConditionalOnWebApplication (required) found WebApplicationContext (OnWebApplicationCondition)
      - @ConditionalOnProperty (spring.http.encoding.enabled) matched (OnPropertyCondition)

   HttpEncodingAutoConfiguration#characterEncodingFilter matched:
      - @ConditionalOnMissingBean (types: org.springframework.web.filter.CharacterEncodingFilter; SearchStrategy: all) did not find any beans (OnBeanCondition)

   HttpMessageConvertersAutoConfiguration matched:
      - @ConditionalOnClass found required class 'org.springframework.http.converter.HttpMessageConverter'; @ConditionalOnMissingClass did not find unwanted class (OnClassCondition)

   HttpMessageConvertersAutoConfiguration#messageConverters matched:
      - @ConditionalOnMissingBean (types: org.springframework.boot.autoconfigure.web.HttpMessageConverters; SearchStrategy: all) did not find any beans (OnBeanCondition)

   HttpMessageConvertersAutoConfiguration.StringHttpMessageConverterConfiguration matched:
      - @ConditionalOnClass found required class 'org.springframework.http.converter.StringHttpMessageConverter'; @ConditionalOnMissingClass did not find unwanted class (OnClassCondition)

   HttpMessageConvertersAutoConfiguration.StringHttpMessageConverterConfiguration#stringHttpMessageConverter matched:
      - @ConditionalOnMissingBean (types: org.springframework.http.converter.StringHttpMessageConverter; SearchStrategy: all) did not find any beans (OnBeanCondition)

   JacksonAutoConfiguration matched:
      - @ConditionalOnClass found required class 'com.fasterxml.jackson.databind.ObjectMapper'; @ConditionalOnMissingClass did not find unwanted class (OnClassCondition)

   JacksonAutoConfiguration.Jackson2ObjectMapperBuilderCustomizerConfiguration matched:
      - @ConditionalOnClass found required classes 'com.fasterxml.jackson.databind.ObjectMapper', 'org.springframework.http.converter.json.Jackson2ObjectMapperBuilder'; @ConditionalOnMissingClass did not find unwanted class (OnClassCondition)

   JacksonAutoConfiguration.JacksonObjectMapperBuilderConfiguration matched:
      - @ConditionalOnClass found required classes 'com.fasterxml.jackson.databind.ObjectMapper', 'org.springframework.http.converter.json.Jackson2ObjectMapperBuilder'; @ConditionalOnMissingClass did not find unwanted class (OnClassCondition)

   JacksonAutoConfiguration.JacksonObjectMapperBuilderConfiguration#jacksonObjectMapperBuilder matched:
      - @ConditionalOnMissingBean (types: org.springframework.http.converter.json.Jackson2ObjectMapperBuilder; SearchStrategy: all) did not find any beans (OnBeanCondition)

   JacksonAutoConfiguration.JacksonObjectMapperConfiguration matched:
      - @ConditionalOnClass found required classes 'com.fasterxml.jackson.databind.ObjectMapper', 'org.springframework.http.converter.json.Jackson2ObjectMapperBuilder'; @ConditionalOnMissingClass did not find unwanted class (OnClassCondition)

   JacksonHttpMessageConvertersConfiguration.MappingJackson2HttpMessageConverterConfiguration matched:
      - @ConditionalOnClass found required class 'com.fasterxml.jackson.databind.ObjectMapper'; @ConditionalOnMissingClass did not find unwanted class (OnClassCondition)
      - @ConditionalOnProperty (spring.http.converters.preferred-json-mapper=jackson) matched (OnPropertyCondition)
      - @ConditionalOnBean (types: com.fasterxml.jackson.databind.ObjectMapper; SearchStrategy: all) found bean 'objectMapper' (OnBeanCondition)

   JacksonHttpMessageConvertersConfiguration.MappingJackson2HttpMessageConverterConfiguration#mappingJackson2HttpMessageConverter matched:
      - @ConditionalOnMissingBean (types: org.springframework.http.converter.json.MappingJackson2HttpMessageConverter; SearchStrategy: all) did not find any beans (OnBeanCondition)

   JdbcTemplateAutoConfiguration matched:
      - @ConditionalOnClass found required classes 'javax.sql.DataSource', 'org.springframework.jdbc.core.JdbcTemplate'; @ConditionalOnMissingClass did not find unwanted class (OnClassCondition)
      - @ConditionalOnSingleCandidate (types: javax.sql.DataSource; SearchStrategy: all) found a primary bean from beans 'dataSource' (OnBeanCondition)

   JdbcTemplateAutoConfiguration#jdbcTemplate matched:
      - @ConditionalOnMissingBean (types: org.springframework.jdbc.core.JdbcOperations; SearchStrategy: all) did not find any beans (OnBeanCondition)

   JdbcTemplateAutoConfiguration#namedParameterJdbcTemplate matched:
      - @ConditionalOnMissingBean (types: org.springframework.jdbc.core.namedparam.NamedParameterJdbcOperations; SearchStrategy: all) did not find any beans (OnBeanCondition)

   JpaBaseConfiguration#entityManagerFactory matched:
      - @ConditionalOnMissingBean (types: org.springframework.orm.jpa.LocalContainerEntityManagerFactoryBean,javax.persistence.EntityManagerFactory; SearchStrategy: all) did not find any beans (OnBeanCondition)

   JpaBaseConfiguration#entityManagerFactoryBuilder matched:
      - @ConditionalOnMissingBean (types: org.springframework.boot.orm.jpa.EntityManagerFactoryBuilder; SearchStrategy: all) did not find any beans (OnBeanCondition)

   JpaBaseConfiguration#jpaVendorAdapter matched:
      - @ConditionalOnMissingBean (types: org.springframework.orm.jpa.JpaVendorAdapter; SearchStrategy: all) did not find any beans (OnBeanCondition)

   JpaBaseConfiguration#transactionManager matched:
      - @ConditionalOnMissingBean (types: org.springframework.transaction.PlatformTransactionManager; SearchStrategy: all) did not find any beans (OnBeanCondition)

   JpaBaseConfiguration.JpaWebConfiguration matched:
      - @ConditionalOnClass found required class 'org.springframework.web.servlet.config.annotation.WebMvcConfigurerAdapter'; @ConditionalOnMissingClass did not find unwanted class (OnClassCondition)
      - @ConditionalOnWebApplication (required) found WebApplicationContext (OnWebApplicationCondition)
      - @ConditionalOnProperty (spring.jpa.open-in-view=true) matched (OnPropertyCondition)
      - @ConditionalOnMissingBean (types: org.springframework.orm.jpa.support.OpenEntityManagerInViewInterceptor,org.springframework.orm.jpa.support.OpenEntityManagerInViewFilter; SearchStrategy: all) did not find any beans (OnBeanCondition)

   JpaRepositoriesAutoConfiguration matched:
      - @ConditionalOnClass found required class 'org.springframework.data.jpa.repository.JpaRepository'; @ConditionalOnMissingClass did not find unwanted class (OnClassCondition)
      - @ConditionalOnProperty (spring.data.jpa.repositories.enabled=true) matched (OnPropertyCondition)
      - @ConditionalOnBean (types: javax.sql.DataSource; SearchStrategy: all) found bean 'dataSource'; @ConditionalOnMissingBean (types: org.springframework.data.jpa.repository.support.JpaRepositoryFactoryBean,org.springframework.data.jpa.repository.config.JpaRepositoryConfigExtension; SearchStrategy: all) did not find any beans (OnBeanCondition)

   JtaAutoConfiguration matched:
      - @ConditionalOnClass found required class 'javax.transaction.Transaction'; @ConditionalOnMissingClass did not find unwanted class (OnClassCondition)
      - @ConditionalOnProperty (spring.jta.enabled) matched (OnPropertyCondition)

   MultipartAutoConfiguration matched:
      - @ConditionalOnClass found required classes 'javax.servlet.Servlet', 'org.springframework.web.multipart.support.StandardServletMultipartResolver', 'javax.servlet.MultipartConfigElement'; @ConditionalOnMissingClass did not find unwanted class (OnClassCondition)
      - @ConditionalOnProperty (spring.http.multipart.enabled) matched (OnPropertyCondition)

   MultipartAutoConfiguration#multipartConfigElement matched:
      - @ConditionalOnMissingBean (types: javax.servlet.MultipartConfigElement; SearchStrategy: all) did not find any beans (OnBeanCondition)

   MultipartAutoConfiguration#multipartResolver matched:
      - @ConditionalOnMissingBean (types: org.springframework.web.multipart.MultipartResolver; SearchStrategy: all) did not find any beans (OnBeanCondition)

   NoOpCacheConfiguration matched:
      - Cache org.springframework.boot.autoconfigure.cache.NoOpCacheConfiguration automatic cache type (CacheCondition)

   PersistenceExceptionTranslationAutoConfiguration matched:
      - @ConditionalOnClass found required class 'org.springframework.dao.annotation.PersistenceExceptionTranslationPostProcessor'; @ConditionalOnMissingClass did not find unwanted class (OnClassCondition)

   PersistenceExceptionTranslationAutoConfiguration#persistenceExceptionTranslationPostProcessor matched:
      - @ConditionalOnProperty (spring.dao.exceptiontranslation.enabled) matched (OnPropertyCondition)
      - @ConditionalOnMissingBean (types: org.springframework.dao.annotation.PersistenceExceptionTranslationPostProcessor; SearchStrategy: all) did not find any beans (OnBeanCondition)

   PropertyPlaceholderAutoConfiguration#propertySourcesPlaceholderConfigurer matched:
      - @ConditionalOnMissingBean (types: org.springframework.context.support.PropertySourcesPlaceholderConfigurer; SearchStrategy: current) did not find any beans (OnBeanCondition)

   RedisCacheConfiguration matched:
      - Cache org.springframework.boot.autoconfigure.cache.RedisCacheConfiguration automatic cache type (CacheCondition)

   SecurityAutoConfiguration matched:
      - @ConditionalOnClass found required classes 'org.springframework.security.authentication.AuthenticationManager', 'org.springframework.security.config.annotation.authentication.configurers.GlobalAuthenticationConfigurerAdapter'; @ConditionalOnMissingClass did not find unwanted class (OnClassCondition)

   SecurityAutoConfiguration#authenticationEventPublisher matched:
      - @ConditionalOnMissingBean (types: org.springframework.security.authentication.AuthenticationEventPublisher; SearchStrategy: all) did not find any beans (OnBeanCondition)

   SecurityAutoConfiguration#securityProperties matched:
      - @ConditionalOnMissingBean (types: org.springframework.boot.autoconfigure.security.SecurityProperties; SearchStrategy: all) did not find any beans (OnBeanCondition)

   SecurityFilterAutoConfiguration matched:
      - @ConditionalOnClass found required classes 'org.springframework.security.web.context.AbstractSecurityWebApplicationInitializer', 'org.springframework.security.config.http.SessionCreationPolicy'; @ConditionalOnMissingClass did not find unwanted class (OnClassCondition)
      - @ConditionalOnWebApplication (required) found WebApplicationContext (OnWebApplicationCondition)

   SecurityFilterAutoConfiguration#securityFilterChainRegistration matched:
      - @ConditionalOnBean (names: springSecurityFilterChain; SearchStrategy: all) found bean 'springSecurityFilterChain' (OnBeanCondition)

   ServerPropertiesAutoConfiguration matched:
      - @ConditionalOnWebApplication (required) found WebApplicationContext (OnWebApplicationCondition)

   ServerPropertiesAutoConfiguration#serverProperties matched:
      - @ConditionalOnMissingBean (types: org.springframework.boot.autoconfigure.web.ServerProperties; SearchStrategy: current) did not find any beans (OnBeanCondition)

   SimpleCacheConfiguration matched:
      - Cache org.springframework.boot.autoconfigure.cache.SimpleCacheConfiguration automatic cache type (CacheCondition)

   SpringDataWebAutoConfiguration matched:
      - @ConditionalOnClass found required classes 'org.springframework.data.web.PageableHandlerMethodArgumentResolver', 'org.springframework.web.servlet.config.annotation.WebMvcConfigurerAdapter'; @ConditionalOnMissingClass did not find unwanted class (OnClassCondition)
      - @ConditionalOnWebApplication (required) found WebApplicationContext (OnWebApplicationCondition)
      - @ConditionalOnMissingBean (types: org.springframework.data.web.PageableHandlerMethodArgumentResolver; SearchStrategy: all) did not find any beans (OnBeanCondition)

   TransactionAutoConfiguration matched:
      - @ConditionalOnClass found required class 'org.springframework.transaction.PlatformTransactionManager'; @ConditionalOnMissingClass did not find unwanted class (OnClassCondition)

   TransactionAutoConfiguration#platformTransactionManagerCustomizers matched:
      - @ConditionalOnMissingBean (types: org.springframework.boot.autoconfigure.transaction.TransactionManagerCustomizers; SearchStrategy: all) did not find any beans (OnBeanCondition)

   TransactionAutoConfiguration.TransactionTemplateConfiguration matched:
      - @ConditionalOnSingleCandidate (types: org.springframework.transaction.PlatformTransactionManager; SearchStrategy: all) found a primary bean from beans 'transactionManager' (OnBeanCondition)

   TransactionAutoConfiguration.TransactionTemplateConfiguration#transactionTemplate matched:
      - @ConditionalOnMissingBean (types: org.springframework.transaction.support.TransactionTemplate; SearchStrategy: all) did not find any beans (OnBeanCondition)

   ValidationAutoConfiguration matched:
      - @ConditionalOnClass found required class 'javax.validation.executable.ExecutableValidator'; @ConditionalOnMissingClass did not find unwanted class (OnClassCondition)
      - @ConditionalOnResource found location classpath:META-INF/services/javax.validation.spi.ValidationProvider (OnResourceCondition)

   ValidationAutoConfiguration#methodValidationPostProcessor matched:
      - @ConditionalOnMissingBean (types: org.springframework.validation.beanvalidation.MethodValidationPostProcessor; SearchStrategy: all) did not find any beans (OnBeanCondition)

   ValidationAutoConfiguration#validator matched:
      - @ConditionalOnMissingBean (types: javax.validation.Validator; SearchStrategy: all) did not find any beans (OnBeanCondition)

   WebClientAutoConfiguration.RestTemplateConfiguration matched:
      - @ConditionalOnClass found required class 'org.springframework.web.client.RestTemplate'; @ConditionalOnMissingClass did not find unwanted class (OnClassCondition)

   WebClientAutoConfiguration.RestTemplateConfiguration#restTemplateBuilder matched:
      - @ConditionalOnMissingBean (types: org.springframework.boot.web.client.RestTemplateBuilder; SearchStrategy: all) did not find any beans (OnBeanCondition)

   WebMvcAutoConfiguration matched:
      - @ConditionalOnClass found required classes 'javax.servlet.Servlet', 'org.springframework.web.servlet.DispatcherServlet', 'org.springframework.web.servlet.config.annotation.WebMvcConfigurerAdapter'; @ConditionalOnMissingClass did not find unwanted class (OnClassCondition)
      - @ConditionalOnWebApplication (required) found WebApplicationContext (OnWebApplicationCondition)
      - @ConditionalOnMissingBean (types: org.springframework.web.servlet.config.annotation.WebMvcConfigurationSupport; SearchStrategy: all) did not find any beans (OnBeanCondition)

   WebMvcAutoConfiguration#hiddenHttpMethodFilter matched:
      - @ConditionalOnMissingBean (types: org.springframework.web.filter.HiddenHttpMethodFilter; SearchStrategy: all) did not find any beans (OnBeanCondition)

   WebMvcAutoConfiguration#httpPutFormContentFilter matched:
      - @ConditionalOnProperty (spring.mvc.formcontent.putfilter.enabled) matched (OnPropertyCondition)
      - @ConditionalOnMissingBean (types: org.springframework.web.filter.HttpPutFormContentFilter; SearchStrategy: all) did not find any beans (OnBeanCondition)

   WebMvcAutoConfiguration.WebMvcAutoConfigurationAdapter#defaultViewResolver matched:
      - @ConditionalOnMissingBean (types: org.springframework.web.servlet.view.InternalResourceViewResolver; SearchStrategy: all) did not find any beans (OnBeanCondition)

   WebMvcAutoConfiguration.WebMvcAutoConfigurationAdapter#requestContextFilter matched:
      - @ConditionalOnMissingBean (types: org.springframework.web.context.request.RequestContextListener,org.springframework.web.filter.RequestContextFilter; SearchStrategy: all) did not find any beans (OnBeanCondition)

   WebMvcAutoConfiguration.WebMvcAutoConfigurationAdapter#viewResolver matched:
      - @ConditionalOnBean (types: org.springframework.web.servlet.ViewResolver; SearchStrategy: all) found beans 'beanNameViewResolver', 'defaultViewResolver', 'mvcViewResolver'; @ConditionalOnMissingBean (names: viewResolver; types: org.springframework.web.servlet.view.ContentNegotiatingViewResolver; SearchStrategy: all) did not find any beans (OnBeanCondition)

   WebMvcAutoConfiguration.WebMvcAutoConfigurationAdapter.FaviconConfiguration matched:
      - @ConditionalOnProperty (spring.mvc.favicon.enabled) matched (OnPropertyCondition)

   WebSocketAutoConfiguration matched:
      - @ConditionalOnClass found required classes 'javax.servlet.Servlet', 'javax.websocket.server.ServerContainer'; @ConditionalOnMissingClass did not find unwanted class (OnClassCondition)
      - @ConditionalOnWebApplication (required) found WebApplicationContext (OnWebApplicationCondition)

   WebSocketAutoConfiguration.TomcatWebSocketConfiguration matched:
      - @ConditionalOnClass found required classes 'org.apache.catalina.startup.Tomcat', 'org.apache.tomcat.websocket.server.WsSci'; @ConditionalOnMissingClass did not find unwanted class (OnClassCondition)

   WebSocketAutoConfiguration.TomcatWebSocketConfiguration#websocketContainerCustomizer matched:
      - @ConditionalOnJava (1.7 or newer) found 1.8 (OnJavaCondition)
      - @ConditionalOnMissingBean (names: websocketContainerCustomizer; SearchStrategy: all) did not find any beans (OnBeanCondition)


Negative matches:
-----------------

   ActiveMQAutoConfiguration:
      Did not match:
         - @ConditionalOnClass did not find required classes 'javax.jms.ConnectionFactory', 'org.apache.activemq.ActiveMQConnectionFactory' (OnClassCondition)

   AopAutoConfiguration.CglibAutoProxyConfiguration:
      Did not match:
         - @ConditionalOnProperty (spring.aop.proxy-target-class=true) did not find property 'proxy-target-class' (OnPropertyCondition)

   ArtemisAutoConfiguration:
      Did not match:
         - @ConditionalOnClass did not find required classes 'javax.jms.ConnectionFactory', 'org.apache.activemq.artemis.jms.client.ActiveMQConnectionFactory' (OnClassCondition)

   AtomikosJtaConfiguration:
      Did not match:
         - @ConditionalOnClass did not find required class 'com.atomikos.icatch.jta.UserTransactionManager' (OnClassCondition)

   BatchAutoConfiguration:
      Did not match:
         - @ConditionalOnClass did not find required class 'org.springframework.batch.core.launch.JobLauncher' (OnClassCondition)

[...]

   FallbackWebSecurityAutoConfiguration:
      Did not match:
         - @ConditionalOnProperty (security.basic.enabled=false) did not find property 'enabled' (OnPropertyCondition)
      Matched:
         - @ConditionalOnClass found required class 'org.springframework.security.config.annotation.web.configuration.EnableWebSecurity'; @ConditionalOnMissingClass did not find unwanted class (OnClassCondition)
         - @ConditionalOnWebApplication (required) found WebApplicationContext (OnWebApplicationCondition)

   FlywayAutoConfiguration:
      Did not match:
         - @ConditionalOnClass did not find required class 'org.flywaydb.core.Flyway' (OnClassCondition)

   FreeMarkerAutoConfiguration:
      Did not match:
         - @ConditionalOnClass did not find required classes 'freemarker.template.Configuration', 'org.springframework.ui.freemarker.FreeMarkerConfigurationFactory' (OnClassCondition)

   GroovyTemplateAutoConfiguration:
      Did not match:
         - @ConditionalOnClass did not find required class 'groovy.text.markup.MarkupTemplateEngine' (OnClassCondition)

   GsonAutoConfiguration:
      Did not match:
         - @ConditionalOnClass did not find required class 'com.google.gson.Gson' (OnClassCondition)

   GsonHttpMessageConvertersConfiguration:
      Did not match:
         - @ConditionalOnClass did not find required class 'com.google.gson.Gson' (OnClassCondition)

   GuavaCacheConfiguration:
      Did not match:
         - @ConditionalOnClass did not find required classes 'com.google.common.cache.CacheBuilder', 'org.springframework.cache.guava.GuavaCacheManager' (OnClassCondition)

   H2ConsoleAutoConfiguration:
      Did not match:
         - @ConditionalOnProperty (spring.h2.console.enabled=true) did not find property 'enabled' (OnPropertyCondition)
      Matched:
         - @ConditionalOnClass found required class 'org.h2.server.web.WebServlet'; @ConditionalOnMissingClass did not find unwanted class (OnClassCondition)
         - @ConditionalOnWebApplication (required) found WebApplicationContext (OnWebApplicationCondition)

   HazelcastAutoConfiguration:
      Did not match:
         - @ConditionalOnClass did not find required class 'com.hazelcast.core.HazelcastInstance' (OnClassCondition)

   HazelcastCacheConfiguration:
      Did not match:
         - @ConditionalOnClass did not find required classes 'com.hazelcast.core.HazelcastInstance', 'com.hazelcast.spring.cache.HazelcastCacheManager' (OnClassCondition)

   HazelcastJpaDependencyAutoConfiguration:
      Did not match:
         - @ConditionalOnClass did not find required class 'com.hazelcast.core.HazelcastInstance' (OnClassCondition)

   HypermediaAutoConfiguration:
      Did not match:
         - @ConditionalOnClass did not find required classes 'org.springframework.hateoas.Resource', 'org.springframework.plugin.core.Plugin' (OnClassCondition)

   InfinispanCacheConfiguration:
      Did not match:
         - @ConditionalOnClass did not find required class 'org.infinispan.spring.provider.SpringEmbeddedCacheManager' (OnClassCondition)

   IntegrationAutoConfiguration:
      Did not match:
         - @ConditionalOnClass did not find required class 'org.springframework.integration.config.EnableIntegration' (OnClassCondition)

   JCacheCacheConfiguration:
      Did not match:
         - @ConditionalOnClass did not find required classes 'javax.cache.Caching', 'org.springframework.cache.jcache.JCacheCacheManager' (OnClassCondition)

   JacksonAutoConfiguration.JacksonObjectMapperConfiguration#jacksonObjectMapper:
      Did not match:
         - @ConditionalOnMissingBean (types: com.fasterxml.jackson.databind.ObjectMapper; SearchStrategy: all) found bean 'objectMapper' (OnBeanCondition)

   JacksonAutoConfiguration.JodaDateTimeJacksonConfiguration:
      Did not match:
         - @ConditionalOnClass did not find required classes 'org.joda.time.DateTime', 'com.fasterxml.jackson.datatype.joda.ser.DateTimeSerializer', 'com.fasterxml.jackson.datatype.joda.cfg.JacksonJodaDateFormat' (OnClassCondition)

   JacksonAutoConfiguration.ParameterNamesModuleConfiguration:
      Did not match:
         - @ConditionalOnClass did not find required class 'com.fasterxml.jackson.module.paramnames.ParameterNamesModule' (OnClassCondition)

   JacksonHttpMessageConvertersConfiguration.MappingJackson2XmlHttpMessageConverterConfiguration:
      Did not match:
         - @ConditionalOnClass did not find required class 'com.fasterxml.jackson.dataformat.xml.XmlMapper' (OnClassCondition)

   JerseyAutoConfiguration:
      Did not match:
         - @ConditionalOnClass did not find required class 'org.glassfish.jersey.server.spring.SpringComponentProvider' (OnClassCondition)

   JestAutoConfiguration:
      Did not match:
         - @ConditionalOnClass did not find required class 'io.searchbox.client.JestClient' (OnClassCondition)

   JmsAutoConfiguration:
      Did not match:
         - @ConditionalOnClass did not find required classes 'javax.jms.Message', 'org.springframework.jms.core.JmsTemplate' (OnClassCondition)

   JmxAutoConfiguration:
      Did not match:
         - @ConditionalOnProperty (spring.jmx.enabled=true) found different value in property 'enabled' (OnPropertyCondition)
      Matched:
         - @ConditionalOnClass found required class 'org.springframework.jmx.export.MBeanExporter'; @ConditionalOnMissingClass did not find unwanted class (OnClassCondition)

   JndiConnectionFactoryAutoConfiguration:
      Did not match:
         - @ConditionalOnClass did not find required class 'org.springframework.jms.core.JmsTemplate' (OnClassCondition)

   JndiDataSourceAutoConfiguration:
      Did not match:
         - @ConditionalOnProperty (spring.datasource.jndi-name) did not find property 'jndi-name' (OnPropertyCondition)
      Matched:
         - @ConditionalOnClass found required classes 'javax.sql.DataSource', 'org.springframework.jdbc.datasource.embedded.EmbeddedDatabaseType'; @ConditionalOnMissingClass did not find unwanted class (OnClassCondition)

   JndiJtaConfiguration:
      Did not match:
         - @ConditionalOnJndi JNDI environment is not available (OnJndiCondition)
      Matched:
         - @ConditionalOnClass found required class 'org.springframework.transaction.jta.JtaTransactionManager'; @ConditionalOnMissingClass did not find unwanted class (OnClassCondition)

   JooqAutoConfiguration:
      Did not match:
         - @ConditionalOnClass did not find required class 'org.jooq.DSLContext' (OnClassCondition)

   KafkaAutoConfiguration:
      Did not match:
         - @ConditionalOnClass did not find required class 'org.springframework.kafka.core.KafkaTemplate' (OnClassCondition)

   LdapAutoConfiguration:
      Did not match:
         - @ConditionalOnClass did not find required class 'org.springframework.ldap.core.ContextSource' (OnClassCondition)

   LdapDataAutoConfiguration:
      Did not match:
         - @ConditionalOnClass did not find required class 'org.springframework.data.ldap.repository.LdapRepository' (OnClassCondition)

   LdapRepositoriesAutoConfiguration:
      Did not match:
         - @ConditionalOnClass did not find required class 'org.springframework.data.ldap.repository.LdapRepository' (OnClassCondition)

   LinkedInAutoConfiguration:
      Did not match:
         - @ConditionalOnClass did not find required classes 'org.springframework.social.config.annotation.SocialConfigurerAdapter', 'org.springframework.social.linkedin.connect.LinkedInConnectionFactory' (OnClassCondition)

   LiquibaseAutoConfiguration:
      Did not match:
         - @ConditionalOnClass did not find required class 'liquibase.integration.spring.SpringLiquibase' (OnClassCondition)

   MailSenderAutoConfiguration:
      Did not match:
         - @ConditionalOnClass did not find required class 'javax.mail.internet.MimeMessage' (OnClassCondition)

   MailSenderValidatorAutoConfiguration:
      Did not match:
         - @ConditionalOnProperty (spring.mail.test-connection) did not find property 'test-connection' (OnPropertyCondition)

   MessageSourceAutoConfiguration:
      Did not match:
         - ResourceBundle did not find bundle with basename messages (MessageSourceAutoConfiguration.ResourceBundleCondition)

   MongoAutoConfiguration:
      Did not match:
         - @ConditionalOnClass did not find required class 'com.mongodb.MongoClient' (OnClassCondition)

   MongoDataAutoConfiguration:
      Did not match:
         - @ConditionalOnClass did not find required classes 'com.mongodb.Mongo', 'org.springframework.data.mongodb.core.MongoTemplate' (OnClassCondition)

   MongoRepositoriesAutoConfiguration:
      Did not match:
         - @ConditionalOnClass did not find required classes 'com.mongodb.Mongo', 'org.springframework.data.mongodb.repository.MongoRepository' (OnClassCondition)

   MustacheAutoConfiguration:
      Did not match:
         - @ConditionalOnClass did not find required class 'com.samskivert.mustache.Mustache' (OnClassCondition)

   NarayanaJtaConfiguration:
      Did not match:
         - @ConditionalOnClass did not find required classes 'com.arjuna.ats.jta.UserTransaction', 'org.jboss.tm.XAResourceRecoveryRegistry' (OnClassCondition)

   Neo4jDataAutoConfiguration:
      Did not match:
         - @ConditionalOnClass did not find required class 'org.neo4j.ogm.session.SessionFactory' (OnClassCondition)

   Neo4jRepositoriesAutoConfiguration:
      Did not match:
         - @ConditionalOnClass did not find required classes 'org.neo4j.ogm.session.Neo4jSession', 'org.springframework.data.neo4j.repository.GraphRepository' (OnClassCondition)

   OAuth2AutoConfiguration:
      Did not match:
         - @ConditionalOnClass did not find required class 'org.springframework.security.oauth2.common.OAuth2AccessToken' (OnClassCondition)

   ProjectInfoAutoConfiguration#buildProperties:
      Did not match:
         - @ConditionalOnResource did not find resource '${spring.info.build.location:classpath:META-INF/build-info.properties}' (OnResourceCondition)

   ProjectInfoAutoConfiguration#gitProperties:
      Did not match:
         - GitResource did not find git info at classpath:git.properties (ProjectInfoAutoConfiguration.GitResourceAvailableCondition)

   RabbitAutoConfiguration:
      Did not match:
         - @ConditionalOnClass did not find required classes 'org.springframework.amqp.rabbit.core.RabbitTemplate', 'com.rabbitmq.client.Channel' (OnClassCondition)

   ReactorAutoConfiguration:
      Did not match:
         - @ConditionalOnClass did not find required classes 'reactor.spring.context.config.EnableReactor', 'reactor.Environment' (OnClassCondition)

   RedisAutoConfiguration:
      Did not match:
         - @ConditionalOnClass did not find required classes 'org.springframework.data.redis.connection.jedis.JedisConnection', 'org.springframework.data.redis.core.RedisOperations', 'redis.clients.jedis.Jedis' (OnClassCondition)

   RedisRepositoriesAutoConfiguration:
      Did not match:
         - @ConditionalOnClass did not find required classes 'redis.clients.jedis.Jedis', 'org.springframework.data.redis.repository.configuration.EnableRedisRepositories' (OnClassCondition)

   RepositoryRestMvcAutoConfiguration:
      Did not match:
         - @ConditionalOnClass did not find required class 'org.springframework.data.rest.webmvc.config.RepositoryRestMvcConfiguration' (OnClassCondition)

   SecurityDataConfiguration:
      Did not match:
         - @ConditionalOnClass did not find required class 'org.springframework.security.data.repository.query.SecurityEvaluationContextExtension' (OnClassCondition)

   SecurityFilterAutoConfiguration#securityProperties:
      Did not match:
         - @ConditionalOnMissingBean (types: org.springframework.boot.autoconfigure.security.SecurityProperties; SearchStrategy: all) found bean 'securityProperties' (OnBeanCondition)

   SendGridAutoConfiguration:
      Did not match:
         - @ConditionalOnClass did not find required class 'com.sendgrid.SendGrid' (OnClassCondition)

   SessionAutoConfiguration:
      Did not match:
         - @ConditionalOnClass did not find required class 'org.springframework.session.Session' (OnClassCondition)

   SitePreferenceAutoConfiguration:
      Did not match:
         - @ConditionalOnClass did not find required classes 'org.springframework.mobile.device.site.SitePreferenceHandlerInterceptor', 'org.springframework.mobile.device.site.SitePreferenceHandlerMethodArgumentResolver' (OnClassCondition)

   SocialWebAutoConfiguration:
      Did not match:
         - @ConditionalOnClass did not find required classes 'org.springframework.social.connect.web.ConnectController', 'org.springframework.social.config.annotation.SocialConfigurerAdapter' (OnClassCondition)

   SolrAutoConfiguration:
      Did not match:
         - @ConditionalOnClass did not find required classes 'org.apache.solr.client.solrj.impl.HttpSolrClient', 'org.apache.solr.client.solrj.impl.CloudSolrClient' (OnClassCondition)

   SolrRepositoriesAutoConfiguration:
      Did not match:
         - @ConditionalOnClass did not find required classes 'org.apache.solr.client.solrj.SolrClient', 'org.springframework.data.solr.repository.SolrRepository' (OnClassCondition)

   SpringApplicationAdminJmxAutoConfiguration:
      Did not match:
         - @ConditionalOnProperty (spring.application.admin.enabled=true) did not find property 'enabled' (OnPropertyCondition)

   SpringBootWebSecurityConfiguration:
      Did not match:
         - @ConditionalOnMissingBean (types: org.springframework.security.config.annotation.web.configuration.WebSecurityConfiguration; SearchStrategy: all) found bean 'org.springframework.security.config.annotation.web.configuration.WebSecurityConfiguration' (OnBeanCondition)
      Matched:
         - @ConditionalOnClass found required classes 'org.springframework.security.config.annotation.web.configuration.EnableWebSecurity', 'org.springframework.security.web.AuthenticationEntryPoint'; @ConditionalOnMissingClass did not find unwanted class (OnClassCondition)
         - @ConditionalOnWebApplication (required) found WebApplicationContext (OnWebApplicationCondition)

   SpringBootWebSecurityConfiguration.ApplicationNoWebSecurityConfigurerAdapter:
      Did not match:
         - @ConditionalOnProperty (security.basic.enabled=false) did not find property 'enabled' (OnPropertyCondition)
         - Ancestor org.springframework.boot.autoconfigure.security.SpringBootWebSecurityConfiguration did not match (ConditionEvaluationReport.AncestorsMatchedCondition)

   SpringBootWebSecurityConfiguration.ApplicationWebSecurityConfigurerAdapter:
      Did not match:
         - Ancestor org.springframework.boot.autoconfigure.security.SpringBootWebSecurityConfiguration did not match (ConditionEvaluationReport.AncestorsMatchedCondition)
      Matched:
         - @ConditionalOnProperty (security.basic.enabled) matched (OnPropertyCondition)

   ThymeleafAutoConfiguration:
      Did not match:
         - @ConditionalOnClass did not find required class 'org.thymeleaf.spring4.SpringTemplateEngine' (OnClassCondition)

   TwitterAutoConfiguration:
      Did not match:
         - @ConditionalOnClass did not find required classes 'org.springframework.social.config.annotation.SocialConfigurerAdapter', 'org.springframework.social.twitter.connect.TwitterConnectionFactory' (OnClassCondition)

   WebMvcAutoConfiguration.ResourceChainCustomizerConfiguration:
      Did not match:
         - @ConditionalOnEnabledResourceChain did not find class org.webjars.WebJarAssetLocator (OnEnabledResourceChainCondition)

   WebMvcAutoConfiguration.WebMvcAutoConfigurationAdapter#beanNameViewResolver:
      Did not match:
         - @ConditionalOnMissingBean (types: org.springframework.web.servlet.view.BeanNameViewResolver; SearchStrategy: all) found bean 'beanNameViewResolver' (OnBeanCondition)

   WebMvcAutoConfiguration.WebMvcAutoConfigurationAdapter#dateFormatter:
      Did not match:
         - @ConditionalOnProperty (spring.mvc.date-format) did not find property 'date-format' (OnPropertyCondition)

   WebMvcAutoConfiguration.WebMvcAutoConfigurationAdapter#localeResolver:
      Did not match:
         - @ConditionalOnProperty (spring.mvc.locale) did not find property 'locale' (OnPropertyCondition)

   WebServicesAutoConfiguration:
      Did not match:
         - @ConditionalOnClass did not find required class 'org.springframework.ws.transport.http.MessageDispatcherServlet' (OnClassCondition)

   WebSocketAutoConfiguration.JettyWebSocketConfiguration:
      Did not match:
         - @ConditionalOnClass did not find required class 'org.eclipse.jetty.websocket.jsr356.server.deploy.WebSocketServerContainerInitializer' (OnClassCondition)

   WebSocketAutoConfiguration.UndertowWebSocketConfiguration:
      Did not match:
         - @ConditionalOnClass did not find required class 'io.undertow.websockets.jsr.Bootstrap' (OnClassCondition)

   WebSocketMessagingAutoConfiguration:
      Did not match:
         - @ConditionalOnClass did not find required class 'org.springframework.web.socket.config.annotation.WebSocketMessageBrokerConfigurer' (OnClassCondition)

   XADataSourceAutoConfiguration:
      Did not match:
         - @ConditionalOnBean (types: org.springframework.boot.jta.XADataSourceWrapper; SearchStrategy: all) did not find any beans (OnBeanCondition)
      Matched:
         - @ConditionalOnClass found required classes 'javax.sql.DataSource', 'javax.transaction.TransactionManager', 'org.springframework.jdbc.datasource.embedded.EmbeddedDatabaseType'; @ConditionalOnMissingClass did not find unwanted class (OnClassCondition)


Exclusions:
-----------

    None


Unconditional classes:
----------------------

    org.springframework.boot.autoconfigure.web.WebClientAutoConfiguration

    org.springframework.boot.autoconfigure.context.PropertyPlaceholderAutoConfiguration

    org.springframework.boot.autoconfigure.context.ConfigurationPropertiesAutoConfiguration

    org.springframework.boot.autoconfigure.info.ProjectInfoAutoConfiguration



2017-04-05 20:55:24.777  INFO 4172 --- [    Test worker] s.b.c.e.t.TomcatEmbeddedServletContainer : Tomcat started on port(s): 54264 (http)
2017-04-05 20:55:24.867  INFO 4172 --- [    Test worker] b.c.r.b.c.AccountControllerTest          : Started AccountControllerTest in 118.543 seconds (JVM running for 140.999)
2017-04-05 20:55:32.556  INFO 4172 --- [o-auto-1-exec-1] o.a.c.c.C.[Tomcat].[localhost].[/]       : Initializing Spring FrameworkServlet 'dispatcherServlet'
2017-04-05 20:55:32.562  INFO 4172 --- [o-auto-1-exec-1] o.s.web.servlet.DispatcherServlet        : FrameworkServlet 'dispatcherServlet': initialization started
2017-04-05 20:55:32.805  INFO 4172 --- [o-auto-1-exec-1] o.s.web.servlet.DispatcherServlet        : FrameworkServlet 'dispatcherServlet': initialization completed in 238 ms
2017-04-05 20:55:32.949 DEBUG 4172 --- [o-auto-1-exec-1] o.s.b.w.f.OrderedRequestContextFilter    : Bound request context to thread: org.apache.catalina.connector.RequestFacade@7af1c422
2017-04-05 20:55:34.353 DEBUG 4172 --- [o-auto-1-exec-1] o.s.b.w.f.OrderedRequestContextFilter    : Cleared thread-bound request context: org.apache.catalina.connector.RequestFacade@7af1c422
2017-04-05 20:55:34.732 DEBUG 4172 --- [o-auto-1-exec-2] o.s.b.w.f.OrderedRequestContextFilter    : Bound request context to thread: org.apache.catalina.connector.RequestFacade@7af1c422
2017-04-05 20:55:35.146 DEBUG 4172 --- [o-auto-1-exec-2] o.s.b.w.f.OrderedRequestContextFilter    : Cleared thread-bound request context: org.apache.catalina.connector.RequestFacade@7af1c422
2017-04-05 20:55:35.408 DEBUG 4172 --- [o-auto-1-exec-3] o.s.b.w.f.OrderedRequestContextFilter    : Bound request context to thread: org.apache.catalina.connector.RequestFacade@7af1c422
]]></system-out>
  <system-err><![CDATA[]]></system-err>
</testsuite>
